<?xml version="1.0" encoding="utf-8"?>
<CoverageSession xmlns:xsd="http://www.w3.org/2001/XMLSchema" xmlns:xsi="http://www.w3.org/2001/XMLSchema-instance" Version="0.0.0.0">
  <Summary numSequencePoints="876" visitedSequencePoints="732" numBranchPoints="0" visitedBranchPoints="0" sequenceCoverage="83.56" branchCoverage="0.0" maxCyclomaticComplexity="0" minCyclomaticComplexity="0" maxCrapScore="0" minCrapScore="0" visitedClasses="35" numClasses="35" visitedMethods="69" numMethods="69" />
  <Modules>
    <Module>
      <Summary numSequencePoints="626" visitedSequencePoints="482" numBranchPoints="0" visitedBranchPoints="0" sequenceCoverage="77.00" branchCoverage="0.0" maxCyclomaticComplexity="0" minCyclomaticComplexity="0" maxCrapScore="0" minCrapScore="0" visitedClasses="17" numClasses="17" visitedMethods="51" numMethods="51" />
      <ModuleTime>0001-01-01T00:00:00</ModuleTime>
      <ModuleName>GameAssembly</ModuleName>
      <Files>
        <File uid="1" fullPath="C:/МИЭТ/Intellector/Assets/Scenes/Scripts/Board.cs" />
        <File uid="2" fullPath="C:/МИЭТ/Intellector/Assets/Scenes/Scripts/Camera/CameraMove.cs" />
        <File uid="3" fullPath="C:/МИЭТ/Intellector/Assets/Scenes/Scripts/MouseController.cs" />
        <File uid="4" fullPath="C:/МИЭТ/Intellector/Assets/Scenes/Scripts/NetworkManager.cs" />
        <File uid="5" fullPath="C:/МИЭТ/Intellector/Assets/Scenes/Scripts/PiecesScripts/Agressor.cs" />
        <File uid="6" fullPath="C:/МИЭТ/Intellector/Assets/Scenes/Scripts/PiecesScripts/Defensor.cs" />
        <File uid="7" fullPath="C:/МИЭТ/Intellector/Assets/Scenes/Scripts/PiecesScripts/Dominator.cs" />
        <File uid="8" fullPath="C:/МИЭТ/Intellector/Assets/Scenes/Scripts/PiecesScripts/Intellector.cs" />
        <File uid="9" fullPath="C:/МИЭТ/Intellector/Assets/Scenes/Scripts/PiecesScripts/Liberator.cs" />
        <File uid="10" fullPath="C:/МИЭТ/Intellector/Assets/Scenes/Scripts/PiecesScripts/Piece.cs" />
        <File uid="11" fullPath="C:/МИЭТ/Intellector/Assets/Scenes/Scripts/PiecesScripts/Progressor.cs" />
        <File uid="12" fullPath="C:/МИЭТ/Intellector/Assets/Scenes/Scripts/UI/Around_Intellector.cs" />
        <File uid="13" fullPath="C:/МИЭТ/Intellector/Assets/Scenes/Scripts/UI/Prefs.cs" />
        <File uid="14" fullPath="C:/МИЭТ/Intellector/Assets/Scenes/Scripts/UI/Progressor_end.cs" />
        <File uid="15" fullPath="C:/МИЭТ/Intellector/Assets/Scenes/Scripts/UI/Scenes.cs" />
        <File uid="16" fullPath="C:/МИЭТ/Intellector/Assets/Scenes/Scripts/UI/UI.cs" />
      </Files>
      <Classes>
        <Class>
          <Summary numSequencePoints="231" visitedSequencePoints="214" numBranchPoints="0" visitedBranchPoints="0" sequenceCoverage="92.64" branchCoverage="0.0" maxCyclomaticComplexity="0" minCyclomaticComplexity="0" maxCrapScore="0" minCrapScore="0" visitedClasses="1" numClasses="1" visitedMethods="18" numMethods="18" />
          <FullName>Board</FullName>
          <Methods>
            <Method visited="true" cyclomaticComplexity="0" nPathComplexity="0" sequenceCoverage="100.0" branchCoverage="0" crapScore="0" isConstructor="false" isStatic="false" isGetter="false" isSetter="false">
              <Summary numSequencePoints="10" visitedSequencePoints="10" numBranchPoints="0" visitedBranchPoints="0" sequenceCoverage="100.0" branchCoverage="0" maxCyclomaticComplexity="0" minCyclomaticComplexity="0" maxCrapScore="0" minCrapScore="0" visitedClasses="0" numClasses="0" visitedMethods="1" numMethods="1" />
              <MetadataToken>100663299</MetadataToken>
              <Name>System.Void Board::Awake()</Name>
              <FileRef uid="1" />
              <SequencePoints>
                <SequencePoint vc="20" uspid="1118" ordinal="0" offset="0" sl="47" sc="5" el="47" ec="5" bec="0" bev="0" fileid="1" />
                <SequencePoint vc="20" uspid="1119" ordinal="0" offset="1" sl="48" sc="9" el="48" ec="9" bec="0" bev="0" fileid="1" />
                <SequencePoint vc="20" uspid="1120" ordinal="0" offset="29" sl="49" sc="9" el="49" ec="9" bec="0" bev="0" fileid="1" />
                <SequencePoint vc="20" uspid="1121" ordinal="0" offset="40" sl="51" sc="9" el="51" ec="9" bec="0" bev="0" fileid="1" />
                <SequencePoint vc="20" uspid="1122" ordinal="0" offset="47" sl="52" sc="9" el="52" ec="9" bec="0" bev="0" fileid="1" />
                <SequencePoint vc="20" uspid="1123" ordinal="0" offset="54" sl="54" sc="9" el="54" ec="9" bec="0" bev="0" fileid="1" />
                <SequencePoint vc="20" uspid="1124" ordinal="0" offset="61" sl="55" sc="9" el="55" ec="9" bec="0" bev="0" fileid="1" />
                <SequencePoint vc="20" uspid="1125" ordinal="0" offset="68" sl="57" sc="9" el="57" ec="9" bec="0" bev="0" fileid="1" />
                <SequencePoint vc="20" uspid="1126" ordinal="0" offset="74" sl="58" sc="9" el="58" ec="9" bec="0" bev="0" fileid="1" />
                <SequencePoint vc="20" uspid="1127" ordinal="0" offset="86" sl="59" sc="5" el="59" ec="5" bec="0" bev="0" fileid="1" />
              </SequencePoints>
              <BranchPoints />
            </Method>
            <Method visited="true" cyclomaticComplexity="0" nPathComplexity="0" sequenceCoverage="91.67" branchCoverage="0" crapScore="0" isConstructor="false" isStatic="false" isGetter="false" isSetter="false">
              <Summary numSequencePoints="24" visitedSequencePoints="22" numBranchPoints="0" visitedBranchPoints="0" sequenceCoverage="91.67" branchCoverage="0" maxCyclomaticComplexity="0" minCyclomaticComplexity="0" maxCrapScore="0" minCrapScore="0" visitedClasses="0" numClasses="0" visitedMethods="1" numMethods="1" />
              <MetadataToken>100663300</MetadataToken>
              <Name>System.Void Board::Update()</Name>
              <FileRef uid="1" />
              <SequencePoints>
                <SequencePoint vc="5496" uspid="1128" ordinal="0" offset="0" sl="62" sc="5" el="62" ec="5" bec="0" bev="0" fileid="1" />
                <SequencePoint vc="5496" uspid="1129" ordinal="0" offset="1" sl="63" sc="14" el="63" ec="14" bec="0" bev="0" fileid="1" />
                <SequencePoint vc="49464" uspid="1130" ordinal="0" offset="8" sl="64" sc="18" el="64" ec="18" bec="0" bev="0" fileid="1" />
                <SequencePoint vc="324264" uspid="1131" ordinal="0" offset="15" sl="65" sc="13" el="65" ec="13" bec="0" bev="0" fileid="1" />
                <SequencePoint vc="324264" uspid="1132" ordinal="0" offset="16" sl="66" sc="17" el="66" ec="17" bec="0" bev="0" fileid="1" />
                <SequencePoint vc="324264" uspid="1133" ordinal="0" offset="25" sl="67" sc="17" el="67" ec="17" bec="0" bev="0" fileid="1" />
                <SequencePoint vc="124" uspid="1134" ordinal="0" offset="41" sl="67" sc="44" el="67" ec="44" bec="0" bev="0" fileid="1" />
                <SequencePoint vc="324140" uspid="1135" ordinal="0" offset="84" sl="68" sc="22" el="68" ec="22" bec="0" bev="0" fileid="1" />
                <SequencePoint vc="192" uspid="1136" ordinal="0" offset="113" sl="69" sc="17" el="69" ec="17" bec="0" bev="0" fileid="1" />
                <SequencePoint vc="192" uspid="1137" ordinal="0" offset="114" sl="70" sc="21" el="70" ec="21" bec="0" bev="0" fileid="1" />
                <SequencePoint vc="0" uspid="1138" ordinal="0" offset="132" sl="71" sc="25" el="71" ec="25" bec="0" bev="0" fileid="1" />
                <SequencePoint vc="192" uspid="1139" ordinal="0" offset="172" sl="73" sc="25" el="73" ec="25" bec="0" bev="0" fileid="1" />
                <SequencePoint vc="192" uspid="1140" ordinal="0" offset="210" sl="74" sc="17" el="74" ec="17" bec="0" bev="0" fileid="1" />
                <SequencePoint vc="323948" uspid="1141" ordinal="0" offset="216" sl="75" sc="22" el="75" ec="22" bec="0" bev="0" fileid="1" />
                <SequencePoint vc="0" uspid="1142" ordinal="0" offset="234" sl="76" sc="21" el="76" ec="21" bec="0" bev="0" fileid="1" />
                <SequencePoint vc="323948" uspid="1143" ordinal="0" offset="274" sl="77" sc="22" el="77" ec="22" bec="0" bev="0" fileid="1" />
                <SequencePoint vc="5754" uspid="1144" ordinal="0" offset="309" sl="78" sc="21" el="78" ec="21" bec="0" bev="0" fileid="1" />
                <SequencePoint vc="318194" uspid="1145" ordinal="0" offset="349" sl="80" sc="21" el="80" ec="21" bec="0" bev="0" fileid="1" />
                <SequencePoint vc="324264" uspid="1146" ordinal="0" offset="387" sl="82" sc="13" el="82" ec="13" bec="0" bev="0" fileid="1" />
                <SequencePoint vc="324264" uspid="1147" ordinal="0" offset="388" sl="64" sc="50" el="64" ec="50" bec="0" bev="0" fileid="1" />
                <SequencePoint vc="373728" uspid="1148" ordinal="0" offset="392" sl="64" sc="29" el="64" ec="29" bec="0" bev="0" fileid="1" />
                <SequencePoint vc="49464" uspid="1149" ordinal="0" offset="414" sl="63" sc="32" el="63" ec="32" bec="0" bev="0" fileid="1" />
                <SequencePoint vc="54960" uspid="1150" ordinal="0" offset="418" sl="63" sc="25" el="63" ec="25" bec="0" bev="0" fileid="1" />
                <SequencePoint vc="5496" uspid="1151" ordinal="0" offset="432" sl="83" sc="5" el="83" ec="5" bec="0" bev="0" fileid="1" />
              </SequencePoints>
              <BranchPoints />
            </Method>
            <Method visited="true" cyclomaticComplexity="0" nPathComplexity="0" sequenceCoverage="100.0" branchCoverage="0" crapScore="0" isConstructor="false" isStatic="false" isGetter="false" isSetter="false">
              <Summary numSequencePoints="1" visitedSequencePoints="1" numBranchPoints="0" visitedBranchPoints="0" sequenceCoverage="100.0" branchCoverage="0" maxCyclomaticComplexity="0" minCyclomaticComplexity="0" maxCrapScore="0" minCrapScore="0" visitedClasses="0" numClasses="0" visitedMethods="1" numMethods="1" />
              <MetadataToken>100663301</MetadataToken>
              <Name>UnityEngine.Vector3 Board::TransformCoordinates(System.Int32, System.Int32)</Name>
              <FileRef uid="1" />
              <SequencePoints>
                <SequencePoint vc="1851" uspid="1152" ordinal="0" offset="0" sl="85" sc="12" el="85" ec="12" bec="0" bev="0" fileid="1" />
              </SequencePoints>
              <BranchPoints />
            </Method>
            <Method visited="true" cyclomaticComplexity="0" nPathComplexity="0" sequenceCoverage="100.0" branchCoverage="0" crapScore="0" isConstructor="false" isStatic="false" isGetter="false" isSetter="false">
              <Summary numSequencePoints="13" visitedSequencePoints="13" numBranchPoints="0" visitedBranchPoints="0" sequenceCoverage="100.0" branchCoverage="0" maxCyclomaticComplexity="0" minCyclomaticComplexity="0" maxCrapScore="0" minCrapScore="0" visitedClasses="0" numClasses="0" visitedMethods="1" numMethods="1" />
              <MetadataToken>100663302</MetadataToken>
              <Name>System.Void Board::GenerateAllTiles()</Name>
              <FileRef uid="1" />
              <SequencePoints>
                <SequencePoint vc="21" uspid="1153" ordinal="0" offset="0" sl="90" sc="5" el="90" ec="5" bec="0" bev="0" fileid="1" />
                <SequencePoint vc="21" uspid="1154" ordinal="0" offset="1" sl="91" sc="9" el="91" ec="9" bec="0" bev="0" fileid="1" />
                <SequencePoint vc="21" uspid="1155" ordinal="0" offset="14" sl="92" sc="13" el="92" ec="13" bec="0" bev="0" fileid="1" />
                <SequencePoint vc="189" uspid="1156" ordinal="0" offset="18" sl="93" sc="9" el="93" ec="9" bec="0" bev="0" fileid="1" />
                <SequencePoint vc="189" uspid="1157" ordinal="0" offset="19" sl="94" sc="13" el="94" ec="13" bec="0" bev="0" fileid="1" />
                <SequencePoint vc="189" uspid="1158" ordinal="0" offset="37" sl="95" sc="18" el="95" ec="18" bec="0" bev="0" fileid="1" />
                <SequencePoint vc="1239" uspid="1159" ordinal="0" offset="41" sl="96" sc="17" el="96" ec="17" bec="0" bev="0" fileid="1" />
                <SequencePoint vc="1239" uspid="1160" ordinal="0" offset="59" sl="95" sc="50" el="95" ec="50" bec="0" bev="0" fileid="1" />
                <SequencePoint vc="1428" uspid="1161" ordinal="0" offset="63" sl="95" sc="29" el="95" ec="29" bec="0" bev="0" fileid="1" />
                <SequencePoint vc="189" uspid="1162" ordinal="0" offset="80" sl="97" sc="9" el="97" ec="9" bec="0" bev="0" fileid="1" />
                <SequencePoint vc="189" uspid="1163" ordinal="0" offset="81" sl="92" sc="31" el="92" ec="31" bec="0" bev="0" fileid="1" />
                <SequencePoint vc="210" uspid="1164" ordinal="0" offset="85" sl="92" sc="24" el="92" ec="24" bec="0" bev="0" fileid="1" />
                <SequencePoint vc="21" uspid="1165" ordinal="0" offset="94" sl="98" sc="5" el="98" ec="5" bec="0" bev="0" fileid="1" />
              </SequencePoints>
              <BranchPoints />
            </Method>
            <Method visited="true" cyclomaticComplexity="0" nPathComplexity="0" sequenceCoverage="100.0" branchCoverage="0" crapScore="0" isConstructor="false" isStatic="false" isGetter="false" isSetter="false">
              <Summary numSequencePoints="7" visitedSequencePoints="7" numBranchPoints="0" visitedBranchPoints="0" sequenceCoverage="100.0" branchCoverage="0" maxCyclomaticComplexity="0" minCyclomaticComplexity="0" maxCrapScore="0" minCrapScore="0" visitedClasses="0" numClasses="0" visitedMethods="1" numMethods="1" />
              <MetadataToken>100663303</MetadataToken>
              <Name>UnityEngine.GameObject Board::GenerateOneTile(System.Int32, System.Int32)</Name>
              <FileRef uid="1" />
              <SequencePoints>
                <SequencePoint vc="1240" uspid="1166" ordinal="0" offset="0" sl="100" sc="5" el="100" ec="5" bec="0" bev="0" fileid="1" />
                <SequencePoint vc="1240" uspid="1167" ordinal="0" offset="1" sl="101" sc="9" el="101" ec="9" bec="0" bev="0" fileid="1" />
                <SequencePoint vc="1240" uspid="1168" ordinal="0" offset="19" sl="102" sc="9" el="102" ec="9" bec="0" bev="0" fileid="1" />
                <SequencePoint vc="1240" uspid="1169" ordinal="0" offset="48" sl="103" sc="9" el="103" ec="9" bec="0" bev="0" fileid="1" />
                <SequencePoint vc="1240" uspid="1170" ordinal="0" offset="68" sl="105" sc="9" el="105" ec="9" bec="0" bev="0" fileid="1" />
                <SequencePoint vc="1240" uspid="1171" ordinal="0" offset="75" sl="106" sc="9" el="106" ec="9" bec="0" bev="0" fileid="1" />
                <SequencePoint vc="1240" uspid="1172" ordinal="0" offset="79" sl="107" sc="5" el="107" ec="5" bec="0" bev="0" fileid="1" />
              </SequencePoints>
              <BranchPoints />
            </Method>
            <Method visited="true" cyclomaticComplexity="0" nPathComplexity="0" sequenceCoverage="100.0" branchCoverage="0" crapScore="0" isConstructor="false" isStatic="false" isGetter="false" isSetter="false">
              <Summary numSequencePoints="33" visitedSequencePoints="33" numBranchPoints="0" visitedBranchPoints="0" sequenceCoverage="100.0" branchCoverage="0" maxCyclomaticComplexity="0" minCyclomaticComplexity="0" maxCrapScore="0" minCrapScore="0" visitedClasses="0" numClasses="0" visitedMethods="1" numMethods="1" />
              <MetadataToken>100663304</MetadataToken>
              <Name>System.Void Board::GenerateAllPieces()</Name>
              <FileRef uid="1" />
              <SequencePoints>
                <SequencePoint vc="21" uspid="1173" ordinal="0" offset="0" sl="109" sc="5" el="109" ec="5" bec="0" bev="0" fileid="1" />
                <SequencePoint vc="21" uspid="1174" ordinal="0" offset="1" sl="110" sc="9" el="110" ec="9" bec="0" bev="0" fileid="1" />
                <SequencePoint vc="21" uspid="1175" ordinal="0" offset="14" sl="111" sc="14" el="111" ec="14" bec="0" bev="0" fileid="1" />
                <SequencePoint vc="189" uspid="1176" ordinal="0" offset="18" sl="112" sc="13" el="112" ec="13" bec="0" bev="0" fileid="1" />
                <SequencePoint vc="189" uspid="1177" ordinal="0" offset="36" sl="111" sc="32" el="111" ec="32" bec="0" bev="0" fileid="1" />
                <SequencePoint vc="210" uspid="1178" ordinal="0" offset="40" sl="111" sc="25" el="111" ec="25" bec="0" bev="0" fileid="1" />
                <SequencePoint vc="21" uspid="1179" ordinal="0" offset="49" sl="114" sc="9" el="114" ec="9" bec="0" bev="0" fileid="1" />
                <SequencePoint vc="21" uspid="1180" ordinal="0" offset="69" sl="115" sc="9" el="115" ec="9" bec="0" bev="0" fileid="1" />
                <SequencePoint vc="21" uspid="1181" ordinal="0" offset="89" sl="116" sc="9" el="116" ec="9" bec="0" bev="0" fileid="1" />
                <SequencePoint vc="21" uspid="1182" ordinal="0" offset="109" sl="117" sc="9" el="117" ec="9" bec="0" bev="0" fileid="1" />
                <SequencePoint vc="21" uspid="1183" ordinal="0" offset="129" sl="118" sc="9" el="118" ec="9" bec="0" bev="0" fileid="1" />
                <SequencePoint vc="21" uspid="1184" ordinal="0" offset="149" sl="119" sc="9" el="119" ec="9" bec="0" bev="0" fileid="1" />
                <SequencePoint vc="21" uspid="1185" ordinal="0" offset="169" sl="120" sc="9" el="120" ec="9" bec="0" bev="0" fileid="1" />
                <SequencePoint vc="21" uspid="1186" ordinal="0" offset="189" sl="121" sc="9" el="121" ec="9" bec="0" bev="0" fileid="1" />
                <SequencePoint vc="21" uspid="1187" ordinal="0" offset="209" sl="122" sc="9" el="122" ec="9" bec="0" bev="0" fileid="1" />
                <SequencePoint vc="21" uspid="1188" ordinal="0" offset="229" sl="123" sc="13" el="123" ec="13" bec="0" bev="0" fileid="1" />
                <SequencePoint vc="105" uspid="1189" ordinal="0" offset="233" sl="124" sc="13" el="124" ec="13" bec="0" bev="0" fileid="1" />
                <SequencePoint vc="105" uspid="1190" ordinal="0" offset="253" sl="123" sc="32" el="123" ec="32" bec="0" bev="0" fileid="1" />
                <SequencePoint vc="126" uspid="1191" ordinal="0" offset="257" sl="123" sc="24" el="123" ec="24" bec="0" bev="0" fileid="1" />
                <SequencePoint vc="21" uspid="1192" ordinal="0" offset="266" sl="126" sc="9" el="126" ec="9" bec="0" bev="0" fileid="1" />
                <SequencePoint vc="21" uspid="1193" ordinal="0" offset="286" sl="127" sc="9" el="127" ec="9" bec="0" bev="0" fileid="1" />
                <SequencePoint vc="21" uspid="1194" ordinal="0" offset="306" sl="128" sc="9" el="128" ec="9" bec="0" bev="0" fileid="1" />
                <SequencePoint vc="21" uspid="1195" ordinal="0" offset="326" sl="129" sc="9" el="129" ec="9" bec="0" bev="0" fileid="1" />
                <SequencePoint vc="21" uspid="1196" ordinal="0" offset="346" sl="130" sc="9" el="130" ec="9" bec="0" bev="0" fileid="1" />
                <SequencePoint vc="21" uspid="1197" ordinal="0" offset="366" sl="131" sc="9" el="131" ec="9" bec="0" bev="0" fileid="1" />
                <SequencePoint vc="21" uspid="1198" ordinal="0" offset="386" sl="132" sc="9" el="132" ec="9" bec="0" bev="0" fileid="1" />
                <SequencePoint vc="21" uspid="1199" ordinal="0" offset="406" sl="133" sc="9" el="133" ec="9" bec="0" bev="0" fileid="1" />
                <SequencePoint vc="21" uspid="1200" ordinal="0" offset="426" sl="134" sc="9" el="134" ec="9" bec="0" bev="0" fileid="1" />
                <SequencePoint vc="21" uspid="1201" ordinal="0" offset="446" sl="135" sc="14" el="135" ec="14" bec="0" bev="0" fileid="1" />
                <SequencePoint vc="105" uspid="1202" ordinal="0" offset="451" sl="136" sc="13" el="136" ec="13" bec="0" bev="0" fileid="1" />
                <SequencePoint vc="105" uspid="1203" ordinal="0" offset="473" sl="135" sc="32" el="135" ec="32" bec="0" bev="0" fileid="1" />
                <SequencePoint vc="126" uspid="1204" ordinal="0" offset="479" sl="135" sc="25" el="135" ec="25" bec="0" bev="0" fileid="1" />
                <SequencePoint vc="21" uspid="1205" ordinal="0" offset="491" sl="138" sc="5" el="138" ec="5" bec="0" bev="0" fileid="1" />
              </SequencePoints>
              <BranchPoints />
            </Method>
            <Method visited="true" cyclomaticComplexity="0" nPathComplexity="0" sequenceCoverage="100.0" branchCoverage="0" crapScore="0" isConstructor="false" isStatic="false" isGetter="false" isSetter="false">
              <Summary numSequencePoints="15" visitedSequencePoints="15" numBranchPoints="0" visitedBranchPoints="0" sequenceCoverage="100.0" branchCoverage="0" maxCyclomaticComplexity="0" minCyclomaticComplexity="0" maxCrapScore="0" minCrapScore="0" visitedClasses="0" numClasses="0" visitedMethods="1" numMethods="1" />
              <MetadataToken>100663305</MetadataToken>
              <Name>Piece Board::GenerateSinglePiece(PieceType, System.Boolean, System.Int32, System.Int32)</Name>
              <FileRef uid="1" />
              <SequencePoints>
                <SequencePoint vc="593" uspid="1206" ordinal="0" offset="0" sl="140" sc="5" el="140" ec="5" bec="0" bev="0" fileid="1" />
                <SequencePoint vc="593" uspid="1207" ordinal="0" offset="1" sl="142" sc="9" el="142" ec="9" bec="0" bev="0" fileid="1" />
                <SequencePoint vc="593" uspid="1208" ordinal="0" offset="26" sl="143" sc="9" el="143" ec="9" bec="0" bev="0" fileid="1" />
                <SequencePoint vc="593" uspid="1209" ordinal="0" offset="33" sl="144" sc="9" el="144" ec="9" bec="0" bev="0" fileid="1" />
                <SequencePoint vc="593" uspid="1210" ordinal="0" offset="40" sl="145" sc="9" el="145" ec="9" bec="0" bev="0" fileid="1" />
                <SequencePoint vc="593" uspid="1211" ordinal="0" offset="47" sl="146" sc="9" el="146" ec="9" bec="0" bev="0" fileid="1" />
                <SequencePoint vc="593" uspid="1212" ordinal="0" offset="54" sl="147" sc="9" el="147" ec="9" bec="0" bev="0" fileid="1" />
                <SequencePoint vc="593" uspid="1213" ordinal="0" offset="62" sl="148" sc="9" el="148" ec="9" bec="0" bev="0" fileid="1" />
                <SequencePoint vc="593" uspid="1214" ordinal="0" offset="83" sl="149" sc="9" el="149" ec="9" bec="0" bev="0" fileid="1" />
                <SequencePoint vc="43" uspid="1215" ordinal="0" offset="95" sl="150" sc="9" el="150" ec="9" bec="0" bev="0" fileid="1" />
                <SequencePoint vc="43" uspid="1216" ordinal="0" offset="96" sl="151" sc="13" el="151" ec="13" bec="0" bev="0" fileid="1" />
                <SequencePoint vc="43" uspid="1217" ordinal="0" offset="128" sl="152" sc="9" el="152" ec="9" bec="0" bev="0" fileid="1" />
                <SequencePoint vc="593" uspid="1218" ordinal="0" offset="129" sl="153" sc="9" el="153" ec="9" bec="0" bev="0" fileid="1" />
                <SequencePoint vc="593" uspid="1219" ordinal="0" offset="176" sl="154" sc="9" el="154" ec="9" bec="0" bev="0" fileid="1" />
                <SequencePoint vc="593" uspid="1220" ordinal="0" offset="180" sl="155" sc="5" el="155" ec="5" bec="0" bev="0" fileid="1" />
              </SequencePoints>
              <BranchPoints />
            </Method>
            <Method visited="true" cyclomaticComplexity="0" nPathComplexity="0" sequenceCoverage="100.0" branchCoverage="0" crapScore="0" isConstructor="false" isStatic="false" isGetter="false" isSetter="false">
              <Summary numSequencePoints="3" visitedSequencePoints="3" numBranchPoints="0" visitedBranchPoints="0" sequenceCoverage="100.0" branchCoverage="0" maxCyclomaticComplexity="0" minCyclomaticComplexity="0" maxCrapScore="0" minCrapScore="0" visitedClasses="0" numClasses="0" visitedMethods="1" numMethods="1" />
              <MetadataToken>100663308</MetadataToken>
              <Name>System.Void Board::RemoveHover()</Name>
              <FileRef uid="1" />
              <SequencePoints>
                <SequencePoint vc="3825" uspid="1235" ordinal="0" offset="0" sl="173" sc="5" el="173" ec="5" bec="0" bev="0" fileid="1" />
                <SequencePoint vc="3825" uspid="1236" ordinal="0" offset="1" sl="174" sc="9" el="174" ec="9" bec="0" bev="0" fileid="1" />
                <SequencePoint vc="3825" uspid="1237" ordinal="0" offset="17" sl="175" sc="5" el="175" ec="5" bec="0" bev="0" fileid="1" />
              </SequencePoints>
              <BranchPoints />
            </Method>
            <Method visited="true" cyclomaticComplexity="0" nPathComplexity="0" sequenceCoverage="75.86" branchCoverage="0" crapScore="0" isConstructor="false" isStatic="false" isGetter="false" isSetter="false">
              <Summary numSequencePoints="29" visitedSequencePoints="22" numBranchPoints="0" visitedBranchPoints="0" sequenceCoverage="75.86" branchCoverage="0" maxCyclomaticComplexity="0" minCyclomaticComplexity="0" maxCrapScore="0" minCrapScore="0" visitedClasses="0" numClasses="0" visitedMethods="1" numMethods="1" />
              <MetadataToken>100663309</MetadataToken>
              <Name>System.Void Board::SelectTile(UnityEngine.Vector2Int)</Name>
              <FileRef uid="1" />
              <SequencePoints>
                <SequencePoint vc="7" uspid="1238" ordinal="0" offset="0" sl="179" sc="5" el="179" ec="5" bec="0" bev="0" fileid="1" />
                <SequencePoint vc="7" uspid="1239" ordinal="0" offset="1" sl="180" sc="9" el="180" ec="9" bec="0" bev="0" fileid="1" />
                <SequencePoint vc="0" uspid="1240" ordinal="0" offset="33" sl="180" sc="50" el="180" ec="50" bec="0" bev="0" fileid="1" />
                <SequencePoint vc="7" uspid="1241" ordinal="0" offset="38" sl="183" sc="9" el="183" ec="9" bec="0" bev="0" fileid="1" />
                <SequencePoint vc="4" uspid="1242" ordinal="0" offset="63" sl="184" sc="13" el="184" ec="13" bec="0" bev="0" fileid="1" />
                <SequencePoint vc="4" uspid="1243" ordinal="0" offset="135" sl="185" sc="13" el="185" ec="13" bec="0" bev="0" fileid="1" />
                <SequencePoint vc="4" uspid="1244" ordinal="0" offset="136" sl="186" sc="17" el="186" ec="17" bec="0" bev="0" fileid="1" />
                <SequencePoint vc="4" uspid="1245" ordinal="0" offset="143" sl="187" sc="17" el="187" ec="17" bec="0" bev="0" fileid="1" />
                <SequencePoint vc="4" uspid="1246" ordinal="0" offset="176" sl="188" sc="17" el="188" ec="17" bec="0" bev="0" fileid="1" />
                <SequencePoint vc="0" uspid="1247" ordinal="0" offset="181" sl="190" sc="18" el="190" ec="18" bec="0" bev="0" fileid="1" />
                <SequencePoint vc="0" uspid="1248" ordinal="0" offset="182" sl="190" sc="20" el="190" ec="20" bec="0" bev="0" fileid="1" />
                <SequencePoint vc="3" uspid="1249" ordinal="0" offset="187" sl="194" sc="9" el="194" ec="9" bec="0" bev="0" fileid="1" />
                <SequencePoint vc="3" uspid="1250" ordinal="0" offset="188" sl="195" sc="13" el="195" ec="13" bec="0" bev="0" fileid="1" />
                <SequencePoint vc="0" uspid="1251" ordinal="0" offset="204" sl="196" sc="13" el="196" ec="13" bec="0" bev="0" fileid="1" />
                <SequencePoint vc="0" uspid="1252" ordinal="0" offset="205" sl="197" sc="17" el="197" ec="17" bec="0" bev="0" fileid="1" />
                <SequencePoint vc="0" uspid="1253" ordinal="0" offset="221" sl="198" sc="17" el="198" ec="17" bec="0" bev="0" fileid="1" />
                <SequencePoint vc="0" uspid="1254" ordinal="0" offset="228" sl="199" sc="13" el="199" ec="13" bec="0" bev="0" fileid="1" />
                <SequencePoint vc="3" uspid="1255" ordinal="0" offset="231" sl="201" sc="13" el="201" ec="13" bec="0" bev="0" fileid="1" />
                <SequencePoint vc="3" uspid="1256" ordinal="0" offset="232" sl="202" sc="17" el="202" ec="17" bec="0" bev="0" fileid="1" />
                <SequencePoint vc="3" uspid="1257" ordinal="0" offset="250" sl="203" sc="17" el="203" ec="17" bec="0" bev="0" fileid="1" />
                <SequencePoint vc="3" uspid="1258" ordinal="0" offset="251" sl="205" sc="21" el="205" ec="21" bec="0" bev="0" fileid="1" />
                <SequencePoint vc="3" uspid="1259" ordinal="0" offset="259" sl="206" sc="21" el="206" ec="21" bec="0" bev="0" fileid="1" />
                <SequencePoint vc="3" uspid="1260" ordinal="0" offset="275" sl="207" sc="21" el="207" ec="21" bec="0" bev="0" fileid="1" />
                <SequencePoint vc="3" uspid="1261" ordinal="0" offset="282" sl="209" sc="21" el="209" ec="21" bec="0" bev="0" fileid="1" />
                <SequencePoint vc="1" uspid="1262" ordinal="0" offset="300" sl="210" sc="25" el="210" ec="25" bec="0" bev="0" fileid="1" />
                <SequencePoint vc="3" uspid="1263" ordinal="0" offset="316" sl="211" sc="17" el="211" ec="17" bec="0" bev="0" fileid="1" />
                <SequencePoint vc="3" uspid="1264" ordinal="0" offset="317" sl="212" sc="13" el="212" ec="13" bec="0" bev="0" fileid="1" />
                <SequencePoint vc="3" uspid="1265" ordinal="0" offset="318" sl="213" sc="9" el="213" ec="9" bec="0" bev="0" fileid="1" />
                <SequencePoint vc="7" uspid="1266" ordinal="0" offset="319" sl="214" sc="5" el="214" ec="5" bec="0" bev="0" fileid="1" />
              </SequencePoints>
              <BranchPoints />
            </Method>
            <Method visited="true" cyclomaticComplexity="0" nPathComplexity="0" sequenceCoverage="100.0" branchCoverage="0" crapScore="0" isConstructor="false" isStatic="false" isGetter="false" isSetter="false">
              <Summary numSequencePoints="15" visitedSequencePoints="15" numBranchPoints="0" visitedBranchPoints="0" sequenceCoverage="100.0" branchCoverage="0" maxCyclomaticComplexity="0" minCyclomaticComplexity="0" maxCrapScore="0" minCrapScore="0" visitedClasses="0" numClasses="0" visitedMethods="1" numMethods="1" />
              <MetadataToken>100663310</MetadataToken>
              <Name>System.Boolean Board::ChekAndAskForTransformaton(UnityEngine.Vector2Int, UnityEngine.Vector2Int)</Name>
              <FileRef uid="1" />
              <SequencePoints>
                <SequencePoint vc="3" uspid="1267" ordinal="0" offset="0" sl="217" sc="5" el="217" ec="5" bec="0" bev="0" fileid="1" />
                <SequencePoint vc="3" uspid="1268" ordinal="0" offset="1" sl="218" sc="9" el="218" ec="9" bec="0" bev="0" fileid="1" />
                <SequencePoint vc="1" uspid="1269" ordinal="0" offset="132" sl="220" sc="9" el="220" ec="9" bec="0" bev="0" fileid="1" />
                <SequencePoint vc="1" uspid="1270" ordinal="0" offset="133" sl="221" sc="13" el="221" ec="13" bec="0" bev="0" fileid="1" />
                <SequencePoint vc="1" uspid="1271" ordinal="0" offset="146" sl="222" sc="13" el="222" ec="13" bec="0" bev="0" fileid="1" />
                <SequencePoint vc="1" uspid="1272" ordinal="0" offset="161" sl="223" sc="13" el="223" ec="13" bec="0" bev="0" fileid="1" />
                <SequencePoint vc="1" uspid="1273" ordinal="0" offset="168" sl="224" sc="13" el="224" ec="13" bec="0" bev="0" fileid="1" />
                <SequencePoint vc="2" uspid="1274" ordinal="0" offset="175" sl="228" sc="14" el="228" ec="14" bec="0" bev="0" fileid="1" />
                <SequencePoint vc="1" uspid="1275" ordinal="0" offset="333" sl="229" sc="9" el="229" ec="9" bec="0" bev="0" fileid="1" />
                <SequencePoint vc="1" uspid="1276" ordinal="0" offset="334" sl="231" sc="13" el="231" ec="13" bec="0" bev="0" fileid="1" />
                <SequencePoint vc="1" uspid="1277" ordinal="0" offset="347" sl="232" sc="13" el="232" ec="13" bec="0" bev="0" fileid="1" />
                <SequencePoint vc="1" uspid="1278" ordinal="0" offset="362" sl="233" sc="13" el="233" ec="13" bec="0" bev="0" fileid="1" />
                <SequencePoint vc="1" uspid="1279" ordinal="0" offset="369" sl="234" sc="13" el="234" ec="13" bec="0" bev="0" fileid="1" />
                <SequencePoint vc="1" uspid="1280" ordinal="0" offset="373" sl="237" sc="9" el="237" ec="9" bec="0" bev="0" fileid="1" />
                <SequencePoint vc="3" uspid="1281" ordinal="0" offset="377" sl="238" sc="5" el="238" ec="5" bec="0" bev="0" fileid="1" />
              </SequencePoints>
              <BranchPoints />
            </Method>
            <Method visited="true" cyclomaticComplexity="0" nPathComplexity="0" sequenceCoverage="94.87" branchCoverage="0" crapScore="0" isConstructor="false" isStatic="false" isGetter="false" isSetter="false">
              <Summary numSequencePoints="39" visitedSequencePoints="37" numBranchPoints="0" visitedBranchPoints="0" sequenceCoverage="94.87" branchCoverage="0" maxCyclomaticComplexity="0" minCyclomaticComplexity="0" maxCrapScore="0" minCrapScore="0" visitedClasses="0" numClasses="0" visitedMethods="1" numMethods="1" />
              <MetadataToken>100663311</MetadataToken>
              <Name>System.Void Board::MovePiece(UnityEngine.Vector2Int, UnityEngine.Vector2Int, System.Boolean, System.Int32)</Name>
              <FileRef uid="1" />
              <SequencePoints>
                <SequencePoint vc="17" uspid="1282" ordinal="0" offset="24" sl="241" sc="5" el="241" ec="5" bec="0" bev="0" fileid="1" />
                <SequencePoint vc="17" uspid="1283" ordinal="0" offset="25" sl="243" sc="9" el="243" ec="9" bec="0" bev="0" fileid="1" />
                <SequencePoint vc="0" uspid="1284" ordinal="0" offset="77" sl="243" sc="52" el="243" ec="52" bec="0" bev="0" fileid="1" />
                <SequencePoint vc="17" uspid="1285" ordinal="0" offset="82" sl="246" sc="9" el="246" ec="9" bec="0" bev="0" fileid="1" />
                <SequencePoint vc="17" uspid="1286" ordinal="0" offset="97" sl="249" sc="9" el="249" ec="9" bec="0" bev="0" fileid="1" />
                <SequencePoint vc="17" uspid="1287" ordinal="0" offset="109" sl="250" sc="9" el="250" ec="9" bec="0" bev="0" fileid="1" />
                <SequencePoint vc="17" uspid="1288" ordinal="0" offset="121" sl="253" sc="9" el="253" ec="9" bec="0" bev="0" fileid="1" />
                <SequencePoint vc="5" uspid="1289" ordinal="0" offset="250" sl="254" sc="9" el="254" ec="9" bec="0" bev="0" fileid="1" />
                <SequencePoint vc="5" uspid="1290" ordinal="0" offset="251" sl="255" sc="13" el="255" ec="13" bec="0" bev="0" fileid="1" />
                <SequencePoint vc="5" uspid="1291" ordinal="0" offset="294" sl="256" sc="13" el="256" ec="13" bec="0" bev="0" fileid="1" />
                <SequencePoint vc="1" uspid="1292" ordinal="0" offset="338" sl="257" sc="13" el="257" ec="13" bec="0" bev="0" fileid="1" />
                <SequencePoint vc="1" uspid="1293" ordinal="0" offset="339" sl="258" sc="17" el="258" ec="17" bec="0" bev="0" fileid="1" />
                <SequencePoint vc="1" uspid="1294" ordinal="0" offset="383" sl="259" sc="13" el="259" ec="13" bec="0" bev="0" fileid="1" />
                <SequencePoint vc="5" uspid="1295" ordinal="0" offset="384" sl="260" sc="9" el="260" ec="9" bec="0" bev="0" fileid="1" />
                <SequencePoint vc="17" uspid="1296" ordinal="0" offset="385" sl="263" sc="9" el="263" ec="9" bec="0" bev="0" fileid="1" />
                <SequencePoint vc="17" uspid="1297" ordinal="0" offset="458" sl="266" sc="9" el="266" ec="9" bec="0" bev="0" fileid="1" />
                <SequencePoint vc="1" uspid="1298" ordinal="0" offset="586" sl="267" sc="9" el="267" ec="9" bec="0" bev="0" fileid="1" />
                <SequencePoint vc="1" uspid="1299" ordinal="0" offset="587" sl="268" sc="13" el="268" ec="13" bec="0" bev="0" fileid="1" />
                <SequencePoint vc="1" uspid="1300" ordinal="0" offset="759" sl="272" sc="13" el="272" ec="13" bec="0" bev="0" fileid="1" />
                <SequencePoint vc="1" uspid="1301" ordinal="0" offset="760" sl="273" sc="17" el="273" ec="17" bec="0" bev="0" fileid="1" />
                <SequencePoint vc="1" uspid="1302" ordinal="0" offset="769" sl="274" sc="13" el="274" ec="13" bec="0" bev="0" fileid="1" />
                <SequencePoint vc="0" uspid="1303" ordinal="0" offset="772" sl="276" sc="17" el="276" ec="17" bec="0" bev="0" fileid="1" />
                <SequencePoint vc="1" uspid="1304" ordinal="0" offset="783" sl="277" sc="9" el="277" ec="9" bec="0" bev="0" fileid="1" />
                <SequencePoint vc="16" uspid="1305" ordinal="0" offset="789" sl="279" sc="9" el="279" ec="9" bec="0" bev="0" fileid="1" />
                <SequencePoint vc="16" uspid="1306" ordinal="0" offset="790" sl="281" sc="13" el="281" ec="13" bec="0" bev="0" fileid="1" />
                <SequencePoint vc="16" uspid="1307" ordinal="0" offset="854" sl="282" sc="13" el="282" ec="13" bec="0" bev="0" fileid="1" />
                <SequencePoint vc="16" uspid="1308" ordinal="0" offset="903" sl="283" sc="13" el="283" ec="13" bec="0" bev="0" fileid="1" />
                <SequencePoint vc="16" uspid="1309" ordinal="0" offset="952" sl="284" sc="13" el="284" ec="13" bec="0" bev="0" fileid="1" />
                <SequencePoint vc="16" uspid="1310" ordinal="0" offset="985" sl="285" sc="9" el="285" ec="9" bec="0" bev="0" fileid="1" />
                <SequencePoint vc="17" uspid="1311" ordinal="0" offset="986" sl="288" sc="9" el="288" ec="9" bec="0" bev="0" fileid="1" />
                <SequencePoint vc="2" uspid="1312" ordinal="0" offset="1007" sl="289" sc="9" el="289" ec="9" bec="0" bev="0" fileid="1" />
                <SequencePoint vc="2" uspid="1313" ordinal="0" offset="1008" sl="290" sc="13" el="290" ec="13" bec="0" bev="0" fileid="1" />
                <SequencePoint vc="2" uspid="1314" ordinal="0" offset="1051" sl="291" sc="13" el="291" ec="13" bec="0" bev="0" fileid="1" />
                <SequencePoint vc="2" uspid="1315" ordinal="0" offset="1152" sl="292" sc="9" el="292" ec="9" bec="0" bev="0" fileid="1" />
                <SequencePoint vc="17" uspid="1316" ordinal="0" offset="1153" sl="295" sc="9" el="295" ec="9" bec="0" bev="0" fileid="1" />
                <SequencePoint vc="17" uspid="1317" ordinal="0" offset="1163" sl="296" sc="9" el="296" ec="9" bec="0" bev="0" fileid="1" />
                <SequencePoint vc="17" uspid="1318" ordinal="0" offset="1164" sl="297" sc="13" el="297" ec="13" bec="0" bev="0" fileid="1" />
                <SequencePoint vc="17" uspid="1319" ordinal="0" offset="1196" sl="298" sc="9" el="298" ec="9" bec="0" bev="0" fileid="1" />
                <SequencePoint vc="17" uspid="1320" ordinal="0" offset="1198" sl="311" sc="5" el="311" ec="5" bec="0" bev="0" fileid="1" />
              </SequencePoints>
              <BranchPoints />
            </Method>
            <Method visited="true" cyclomaticComplexity="0" nPathComplexity="0" sequenceCoverage="100.0" branchCoverage="0" crapScore="0" isConstructor="false" isStatic="false" isGetter="false" isSetter="false">
              <Summary numSequencePoints="4" visitedSequencePoints="4" numBranchPoints="0" visitedBranchPoints="0" sequenceCoverage="100.0" branchCoverage="0" maxCyclomaticComplexity="0" minCyclomaticComplexity="0" maxCrapScore="0" minCrapScore="0" visitedClasses="0" numClasses="0" visitedMethods="1" numMethods="1" />
              <MetadataToken>100663314</MetadataToken>
              <Name>System.Void Board::ProgressorTransformation(UnityEngine.Vector2Int, UnityEngine.Vector2Int)</Name>
              <FileRef uid="1" />
              <SequencePoints>
                <SequencePoint vc="1" uspid="1321" ordinal="0" offset="0" sl="335" sc="5" el="335" ec="5" bec="0" bev="0" fileid="1" />
                <SequencePoint vc="1" uspid="1322" ordinal="0" offset="1" sl="336" sc="8" el="336" ec="8" bec="0" bev="0" fileid="1" />
                <SequencePoint vc="1" uspid="1323" ordinal="0" offset="23" sl="337" sc="8" el="337" ec="8" bec="0" bev="0" fileid="1" />
                <SequencePoint vc="1" uspid="1324" ordinal="0" offset="34" sl="338" sc="5" el="338" ec="5" bec="0" bev="0" fileid="1" />
              </SequencePoints>
              <BranchPoints />
            </Method>
            <Method visited="true" cyclomaticComplexity="0" nPathComplexity="0" sequenceCoverage="70.00" branchCoverage="0" crapScore="0" isConstructor="false" isStatic="false" isGetter="false" isSetter="false">
              <Summary numSequencePoints="10" visitedSequencePoints="7" numBranchPoints="0" visitedBranchPoints="0" sequenceCoverage="70.00" branchCoverage="0" maxCyclomaticComplexity="0" minCyclomaticComplexity="0" maxCrapScore="0" minCrapScore="0" visitedClasses="0" numClasses="0" visitedMethods="1" numMethods="1" />
              <MetadataToken>100663315</MetadataToken>
              <Name>System.Void Board::TransformToEaten(UnityEngine.Vector2Int, UnityEngine.Vector2Int)</Name>
              <FileRef uid="1" />
              <SequencePoints>
                <SequencePoint vc="1" uspid="1325" ordinal="0" offset="0" sl="341" sc="5" el="341" ec="5" bec="0" bev="0" fileid="1" />
                <SequencePoint vc="1" uspid="1326" ordinal="0" offset="1" sl="342" sc="9" el="342" ec="9" bec="0" bev="0" fileid="1" />
                <SequencePoint vc="1" uspid="1327" ordinal="0" offset="42" sl="343" sc="9" el="343" ec="9" bec="0" bev="0" fileid="1" />
                <SequencePoint vc="1" uspid="1328" ordinal="0" offset="43" sl="344" sc="13" el="344" ec="13" bec="0" bev="0" fileid="1" />
                <SequencePoint vc="1" uspid="1329" ordinal="0" offset="71" sl="345" sc="13" el="345" ec="13" bec="0" bev="0" fileid="1" />
                <SequencePoint vc="1" uspid="1330" ordinal="0" offset="82" sl="346" sc="9" el="346" ec="9" bec="0" bev="0" fileid="1" />
                <SequencePoint vc="0" uspid="1331" ordinal="0" offset="85" sl="348" sc="9" el="348" ec="9" bec="0" bev="0" fileid="1" />
                <SequencePoint vc="0" uspid="1332" ordinal="0" offset="86" sl="349" sc="13" el="349" ec="13" bec="0" bev="0" fileid="1" />
                <SequencePoint vc="0" uspid="1333" ordinal="0" offset="101" sl="350" sc="9" el="350" ec="9" bec="0" bev="0" fileid="1" />
                <SequencePoint vc="1" uspid="1334" ordinal="0" offset="102" sl="351" sc="5" el="351" ec="5" bec="0" bev="0" fileid="1" />
              </SequencePoints>
              <BranchPoints />
            </Method>
            <Method visited="true" cyclomaticComplexity="0" nPathComplexity="0" sequenceCoverage="78.57" branchCoverage="0" crapScore="0" isConstructor="false" isStatic="false" isGetter="false" isSetter="false">
              <Summary numSequencePoints="14" visitedSequencePoints="11" numBranchPoints="0" visitedBranchPoints="0" sequenceCoverage="78.57" branchCoverage="0" maxCyclomaticComplexity="0" minCyclomaticComplexity="0" maxCrapScore="0" minCrapScore="0" visitedClasses="0" numClasses="0" visitedMethods="1" numMethods="1" />
              <MetadataToken>100663316</MetadataToken>
              <Name>System.Void Board::GameOver(System.Boolean)</Name>
              <FileRef uid="1" />
              <SequencePoints>
                <SequencePoint vc="1" uspid="1335" ordinal="0" offset="0" sl="355" sc="5" el="355" ec="5" bec="0" bev="0" fileid="1" />
                <SequencePoint vc="1" uspid="1336" ordinal="0" offset="1" sl="356" sc="9" el="356" ec="9" bec="0" bev="0" fileid="1" />
                <SequencePoint vc="1" uspid="1337" ordinal="0" offset="22" sl="357" sc="9" el="357" ec="9" bec="0" bev="0" fileid="1" />
                <SequencePoint vc="1" uspid="1338" ordinal="0" offset="29" sl="358" sc="9" el="358" ec="9" bec="0" bev="0" fileid="1" />
                <SequencePoint vc="1" uspid="1339" ordinal="0" offset="45" sl="359" sc="9" el="359" ec="9" bec="0" bev="0" fileid="1" />
                <SequencePoint vc="1" uspid="1340" ordinal="0" offset="61" sl="360" sc="9" el="360" ec="9" bec="0" bev="0" fileid="1" />
                <SequencePoint vc="1" uspid="1341" ordinal="0" offset="68" sl="361" sc="9" el="361" ec="9" bec="0" bev="0" fileid="1" />
                <SequencePoint vc="0" uspid="1342" ordinal="0" offset="73" sl="362" sc="9" el="362" ec="9" bec="0" bev="0" fileid="1" />
                <SequencePoint vc="0" uspid="1343" ordinal="0" offset="74" sl="363" sc="13" el="363" ec="13" bec="0" bev="0" fileid="1" />
                <SequencePoint vc="0" uspid="1344" ordinal="0" offset="87" sl="364" sc="9" el="364" ec="9" bec="0" bev="0" fileid="1" />
                <SequencePoint vc="1" uspid="1345" ordinal="0" offset="90" sl="366" sc="9" el="366" ec="9" bec="0" bev="0" fileid="1" />
                <SequencePoint vc="1" uspid="1346" ordinal="0" offset="91" sl="367" sc="13" el="367" ec="13" bec="0" bev="0" fileid="1" />
                <SequencePoint vc="1" uspid="1347" ordinal="0" offset="104" sl="368" sc="9" el="368" ec="9" bec="0" bev="0" fileid="1" />
                <SequencePoint vc="1" uspid="1348" ordinal="0" offset="105" sl="369" sc="5" el="369" ec="5" bec="0" bev="0" fileid="1" />
              </SequencePoints>
              <BranchPoints />
            </Method>
            <Method visited="true" cyclomaticComplexity="0" nPathComplexity="0" sequenceCoverage="100.0" branchCoverage="0" crapScore="0" isConstructor="false" isStatic="false" isGetter="false" isSetter="false">
              <Summary numSequencePoints="8" visitedSequencePoints="8" numBranchPoints="0" visitedBranchPoints="0" sequenceCoverage="100.0" branchCoverage="0" maxCyclomaticComplexity="0" minCyclomaticComplexity="0" maxCrapScore="0" minCrapScore="0" visitedClasses="0" numClasses="0" visitedMethods="1" numMethods="1" />
              <MetadataToken>100663318</MetadataToken>
              <Name>System.Void Board::&lt;MovePiece&gt;g__Castling|38_0(Board/&lt;&gt;c__DisplayClass38_0&amp;)</Name>
              <FileRef uid="1" />
              <SequencePoints>
                <SequencePoint vc="1" uspid="1349" ordinal="0" offset="0" sl="302" sc="9" el="302" ec="9" bec="0" bev="0" fileid="1" />
                <SequencePoint vc="1" uspid="1350" ordinal="0" offset="1" sl="303" sc="13" el="303" ec="13" bec="0" bev="0" fileid="1" />
                <SequencePoint vc="1" uspid="1351" ordinal="0" offset="70" sl="304" sc="13" el="304" ec="13" bec="0" bev="0" fileid="1" />
                <SequencePoint vc="1" uspid="1352" ordinal="0" offset="202" sl="305" sc="13" el="305" ec="13" bec="0" bev="0" fileid="1" />
                <SequencePoint vc="1" uspid="1353" ordinal="0" offset="248" sl="306" sc="13" el="306" ec="13" bec="0" bev="0" fileid="1" />
                <SequencePoint vc="1" uspid="1354" ordinal="0" offset="294" sl="307" sc="13" el="307" ec="13" bec="0" bev="0" fileid="1" />
                <SequencePoint vc="1" uspid="1355" ordinal="0" offset="340" sl="308" sc="13" el="308" ec="13" bec="0" bev="0" fileid="1" />
                <SequencePoint vc="1" uspid="1356" ordinal="0" offset="386" sl="309" sc="9" el="309" ec="9" bec="0" bev="0" fileid="1" />
              </SequencePoints>
              <BranchPoints />
            </Method>
            <Method visited="true" cyclomaticComplexity="0" nPathComplexity="0" sequenceCoverage="100.0" branchCoverage="0" crapScore="0" isConstructor="false" isStatic="false" isGetter="false" isSetter="false">
              <Summary numSequencePoints="1" visitedSequencePoints="1" numBranchPoints="0" visitedBranchPoints="0" sequenceCoverage="100.0" branchCoverage="0" maxCyclomaticComplexity="0" minCyclomaticComplexity="0" maxCrapScore="0" minCrapScore="0" visitedClasses="0" numClasses="0" visitedMethods="1" numMethods="1" />
              <MetadataToken>100663319</MetadataToken>
              <Name>System.Boolean Board::&lt;WaitForTransformation&gt;b__39_0()</Name>
              <FileRef uid="1" />
              <SequencePoints>
                <SequencePoint vc="36" uspid="1357" ordinal="0" offset="0" sl="316" sc="42" el="316" ec="42" bec="0" bev="0" fileid="1" />
              </SequencePoints>
              <BranchPoints />
            </Method>
            <Method visited="true" cyclomaticComplexity="0" nPathComplexity="0" sequenceCoverage="100.0" branchCoverage="0" crapScore="0" isConstructor="false" isStatic="false" isGetter="false" isSetter="false">
              <Summary numSequencePoints="1" visitedSequencePoints="1" numBranchPoints="0" visitedBranchPoints="0" sequenceCoverage="100.0" branchCoverage="0" maxCyclomaticComplexity="0" minCyclomaticComplexity="0" maxCrapScore="0" minCrapScore="0" visitedClasses="0" numClasses="0" visitedMethods="1" numMethods="1" />
              <MetadataToken>100663320</MetadataToken>
              <Name>System.Boolean Board::&lt;WaitForPieceType&gt;b__40_0()</Name>
              <FileRef uid="1" />
              <SequencePoints>
                <SequencePoint vc="38" uspid="1358" ordinal="0" offset="0" sl="326" sc="42" el="326" ec="42" bec="0" bev="0" fileid="1" />
              </SequencePoints>
              <BranchPoints />
            </Method>
            <Method visited="true" cyclomaticComplexity="0" nPathComplexity="0" sequenceCoverage="100.0" branchCoverage="0" crapScore="0" isConstructor="true" isStatic="false" isGetter="false" isSetter="false">
              <Summary numSequencePoints="4" visitedSequencePoints="4" numBranchPoints="0" visitedBranchPoints="0" sequenceCoverage="100.0" branchCoverage="0" maxCyclomaticComplexity="0" minCyclomaticComplexity="0" maxCrapScore="0" minCrapScore="0" visitedClasses="0" numClasses="0" visitedMethods="1" numMethods="1" />
              <MetadataToken>100663317</MetadataToken>
              <Name>Board::Board()</Name>
              <FileRef uid="1" />
              <SequencePoints>
                <SequencePoint vc="23" uspid="1359" ordinal="0" offset="0" sl="36" sc="5" el="36" ec="5" bec="0" bev="0" fileid="1" />
                <SequencePoint vc="23" uspid="1360" ordinal="0" offset="16" sl="37" sc="5" el="37" ec="5" bec="0" bev="0" fileid="1" />
                <SequencePoint vc="23" uspid="1361" ordinal="0" offset="32" sl="38" sc="5" el="38" ec="5" bec="0" bev="0" fileid="1" />
                <SequencePoint vc="23" uspid="1362" ordinal="0" offset="48" sl="39" sc="5" el="39" ec="5" bec="0" bev="0" fileid="1" />
              </SequencePoints>
              <BranchPoints />
            </Method>
          </Methods>
        </Class>
        <Class>
          <Summary numSequencePoints="19" visitedSequencePoints="11" numBranchPoints="0" visitedBranchPoints="0" sequenceCoverage="57.89" branchCoverage="0.0" maxCyclomaticComplexity="0" minCyclomaticComplexity="0" maxCrapScore="0" minCrapScore="0" visitedClasses="1" numClasses="1" visitedMethods="2" numMethods="2" />
          <FullName>CameraMove</FullName>
          <Methods>
            <Method visited="true" cyclomaticComplexity="0" nPathComplexity="0" sequenceCoverage="55.56" branchCoverage="0" crapScore="0" isConstructor="false" isStatic="false" isGetter="false" isSetter="false">
              <Summary numSequencePoints="18" visitedSequencePoints="10" numBranchPoints="0" visitedBranchPoints="0" sequenceCoverage="55.56" branchCoverage="0" maxCyclomaticComplexity="0" minCyclomaticComplexity="0" maxCrapScore="0" minCrapScore="0" visitedClasses="0" numClasses="0" visitedMethods="1" numMethods="1" />
              <MetadataToken>100663321</MetadataToken>
              <Name>System.Void CameraMove::Update()</Name>
              <FileRef uid="2" />
              <SequencePoints>
                <SequencePoint vc="3931" uspid="1363" ordinal="0" offset="0" sl="13" sc="5" el="13" ec="5" bec="0" bev="0" fileid="2" />
                <SequencePoint vc="3931" uspid="1364" ordinal="0" offset="1" sl="14" sc="9" el="14" ec="9" bec="0" bev="0" fileid="2" />
                <SequencePoint vc="6" uspid="1365" ordinal="0" offset="19" sl="15" sc="9" el="15" ec="9" bec="0" bev="0" fileid="2" />
                <SequencePoint vc="6" uspid="1366" ordinal="0" offset="20" sl="16" sc="13" el="16" ec="13" bec="0" bev="0" fileid="2" />
                <SequencePoint vc="6" uspid="1367" ordinal="0" offset="32" sl="17" sc="13" el="17" ec="13" bec="0" bev="0" fileid="2" />
                <SequencePoint vc="6" uspid="1368" ordinal="0" offset="53" sl="18" sc="13" el="18" ec="13" bec="0" bev="0" fileid="2" />
                <SequencePoint vc="6" uspid="1369" ordinal="0" offset="74" sl="19" sc="13" el="19" ec="13" bec="0" bev="0" fileid="2" />
                <SequencePoint vc="3925" uspid="1370" ordinal="0" offset="76" sl="21" sc="9" el="21" ec="9" bec="0" bev="0" fileid="2" />
                <SequencePoint vc="0" uspid="1371" ordinal="0" offset="86" sl="22" sc="9" el="22" ec="9" bec="0" bev="0" fileid="2" />
                <SequencePoint vc="0" uspid="1372" ordinal="0" offset="87" sl="23" sc="13" el="23" ec="13" bec="0" bev="0" fileid="2" />
                <SequencePoint vc="0" uspid="1373" ordinal="0" offset="108" sl="24" sc="13" el="24" ec="13" bec="0" bev="0" fileid="2" />
                <SequencePoint vc="0" uspid="1374" ordinal="0" offset="129" sl="25" sc="9" el="25" ec="9" bec="0" bev="0" fileid="2" />
                <SequencePoint vc="3925" uspid="1375" ordinal="0" offset="130" sl="26" sc="9" el="26" ec="9" bec="0" bev="0" fileid="2" />
                <SequencePoint vc="0" uspid="1376" ordinal="0" offset="140" sl="27" sc="9" el="27" ec="9" bec="0" bev="0" fileid="2" />
                <SequencePoint vc="0" uspid="1377" ordinal="0" offset="141" sl="28" sc="13" el="28" ec="13" bec="0" bev="0" fileid="2" />
                <SequencePoint vc="0" uspid="1378" ordinal="0" offset="162" sl="29" sc="13" el="29" ec="13" bec="0" bev="0" fileid="2" />
                <SequencePoint vc="0" uspid="1379" ordinal="0" offset="183" sl="30" sc="9" el="30" ec="9" bec="0" bev="0" fileid="2" />
                <SequencePoint vc="3931" uspid="1380" ordinal="0" offset="184" sl="31" sc="5" el="31" ec="5" bec="0" bev="0" fileid="2" />
              </SequencePoints>
              <BranchPoints />
            </Method>
            <Method visited="true" cyclomaticComplexity="0" nPathComplexity="0" sequenceCoverage="100.0" branchCoverage="0" crapScore="0" isConstructor="true" isStatic="true" isGetter="false" isSetter="false">
              <Summary numSequencePoints="1" visitedSequencePoints="1" numBranchPoints="0" visitedBranchPoints="0" sequenceCoverage="100.0" branchCoverage="0" maxCyclomaticComplexity="0" minCyclomaticComplexity="0" maxCrapScore="0" minCrapScore="0" visitedClasses="0" numClasses="0" visitedMethods="1" numMethods="1" />
              <MetadataToken>100663323</MetadataToken>
              <Name>static CameraMove::CameraMove()</Name>
              <FileRef uid="2" />
              <SequencePoints>
                <SequencePoint vc="1" uspid="1381" ordinal="0" offset="0" sl="8" sc="5" el="8" ec="5" bec="0" bev="0" fileid="2" />
              </SequencePoints>
              <BranchPoints />
            </Method>
          </Methods>
        </Class>
        <Class>
          <Summary numSequencePoints="23" visitedSequencePoints="15" numBranchPoints="0" visitedBranchPoints="0" sequenceCoverage="65.22" branchCoverage="0.0" maxCyclomaticComplexity="0" minCyclomaticComplexity="0" maxCrapScore="0" minCrapScore="0" visitedClasses="1" numClasses="1" visitedMethods="3" numMethods="3" />
          <FullName>MouseController</FullName>
          <Methods>
            <Method visited="true" cyclomaticComplexity="0" nPathComplexity="0" sequenceCoverage="100.0" branchCoverage="0" crapScore="0" isConstructor="false" isStatic="false" isGetter="false" isSetter="false">
              <Summary numSequencePoints="2" visitedSequencePoints="2" numBranchPoints="0" visitedBranchPoints="0" sequenceCoverage="100.0" branchCoverage="0" maxCyclomaticComplexity="0" minCyclomaticComplexity="0" maxCrapScore="0" minCrapScore="0" visitedClasses="0" numClasses="0" visitedMethods="1" numMethods="1" />
              <MetadataToken>100663324</MetadataToken>
              <Name>System.Void MouseController::Start()</Name>
              <FileRef uid="3" />
              <SequencePoints>
                <SequencePoint vc="6" uspid="1382" ordinal="0" offset="0" sl="16" sc="5" el="16" ec="5" bec="0" bev="0" fileid="3" />
                <SequencePoint vc="6" uspid="1383" ordinal="0" offset="1" sl="18" sc="5" el="18" ec="5" bec="0" bev="0" fileid="3" />
              </SequencePoints>
              <BranchPoints />
            </Method>
            <Method visited="true" cyclomaticComplexity="0" nPathComplexity="0" sequenceCoverage="60.00" branchCoverage="0" crapScore="0" isConstructor="false" isStatic="false" isGetter="false" isSetter="false">
              <Summary numSequencePoints="20" visitedSequencePoints="12" numBranchPoints="0" visitedBranchPoints="0" sequenceCoverage="60.00" branchCoverage="0" maxCyclomaticComplexity="0" minCyclomaticComplexity="0" maxCrapScore="0" minCrapScore="0" visitedClasses="0" numClasses="0" visitedMethods="1" numMethods="1" />
              <MetadataToken>100663325</MetadataToken>
              <Name>System.Void MouseController::Update()</Name>
              <FileRef uid="3" />
              <SequencePoints>
                <SequencePoint vc="3931" uspid="1384" ordinal="0" offset="0" sl="22" sc="5" el="22" ec="5" bec="0" bev="0" fileid="3" />
                <SequencePoint vc="3931" uspid="1385" ordinal="0" offset="1" sl="23" sc="9" el="23" ec="9" bec="0" bev="0" fileid="3" />
                <SequencePoint vc="100" uspid="1386" ordinal="0" offset="16" sl="23" sc="30" el="23" ec="30" bec="0" bev="0" fileid="3" />
                <SequencePoint vc="3831" uspid="1387" ordinal="0" offset="21" sl="24" sc="9" el="24" ec="9" bec="0" bev="0" fileid="3" />
                <SequencePoint vc="6" uspid="1388" ordinal="0" offset="39" sl="25" sc="9" el="25" ec="9" bec="0" bev="0" fileid="3" />
                <SequencePoint vc="6" uspid="1389" ordinal="0" offset="40" sl="26" sc="13" el="26" ec="13" bec="0" bev="0" fileid="3" />
                <SequencePoint vc="6" uspid="1390" ordinal="0" offset="51" sl="27" sc="13" el="27" ec="13" bec="0" bev="0" fileid="3" />
                <SequencePoint vc="3825" uspid="1391" ordinal="0" offset="56" sl="31" sc="9" el="31" ec="9" bec="0" bev="0" fileid="3" />
                <SequencePoint vc="3825" uspid="1392" ordinal="0" offset="73" sl="34" sc="9" el="34" ec="9" bec="0" bev="0" fileid="3" />
                <SequencePoint vc="0" uspid="1393" ordinal="0" offset="135" sl="35" sc="9" el="35" ec="9" bec="0" bev="0" fileid="3" />
                <SequencePoint vc="0" uspid="1394" ordinal="0" offset="136" sl="37" sc="13" el="37" ec="13" bec="0" bev="0" fileid="3" />
                <SequencePoint vc="0" uspid="1395" ordinal="0" offset="161" sl="38" sc="13" el="38" ec="13" bec="0" bev="0" fileid="3" />
                <SequencePoint vc="0" uspid="1396" ordinal="0" offset="175" sl="39" sc="9" el="39" ec="9" bec="0" bev="0" fileid="3" />
                <SequencePoint vc="3825" uspid="1397" ordinal="0" offset="178" sl="40" sc="14" el="40" ec="14" bec="0" bev="0" fileid="3" />
                <SequencePoint vc="3825" uspid="1398" ordinal="0" offset="190" sl="43" sc="9" el="43" ec="9" bec="0" bev="0" fileid="3" />
                <SequencePoint vc="0" uspid="1399" ordinal="0" offset="230" sl="44" sc="9" el="44" ec="9" bec="0" bev="0" fileid="3" />
                <SequencePoint vc="0" uspid="1400" ordinal="0" offset="231" sl="45" sc="13" el="45" ec="13" bec="0" bev="0" fileid="3" />
                <SequencePoint vc="0" uspid="1401" ordinal="0" offset="256" sl="46" sc="13" el="46" ec="13" bec="0" bev="0" fileid="3" />
                <SequencePoint vc="0" uspid="1402" ordinal="0" offset="270" sl="47" sc="9" el="47" ec="9" bec="0" bev="0" fileid="3" />
                <SequencePoint vc="3931" uspid="1403" ordinal="0" offset="271" sl="48" sc="5" el="48" ec="5" bec="0" bev="0" fileid="3" />
              </SequencePoints>
              <BranchPoints />
            </Method>
            <Method visited="true" cyclomaticComplexity="0" nPathComplexity="0" sequenceCoverage="100.0" branchCoverage="0" crapScore="0" isConstructor="true" isStatic="true" isGetter="false" isSetter="false">
              <Summary numSequencePoints="1" visitedSequencePoints="1" numBranchPoints="0" visitedBranchPoints="0" sequenceCoverage="100.0" branchCoverage="0" maxCyclomaticComplexity="0" minCyclomaticComplexity="0" maxCrapScore="0" minCrapScore="0" visitedClasses="0" numClasses="0" visitedMethods="1" numMethods="1" />
              <MetadataToken>100663327</MetadataToken>
              <Name>static MouseController::MouseController()</Name>
              <FileRef uid="3" />
              <SequencePoints>
                <SequencePoint vc="1" uspid="1404" ordinal="0" offset="0" sl="13" sc="5" el="13" ec="5" bec="0" bev="0" fileid="3" />
              </SequencePoints>
              <BranchPoints />
            </Method>
          </Methods>
        </Class>
        <Class>
          <Summary numSequencePoints="38" visitedSequencePoints="5" numBranchPoints="0" visitedBranchPoints="0" sequenceCoverage="13.16" branchCoverage="0.0" maxCyclomaticComplexity="0" minCyclomaticComplexity="0" maxCrapScore="0" minCrapScore="0" visitedClasses="1" numClasses="1" visitedMethods="2" numMethods="2" />
          <FullName>NetworkManager</FullName>
          <Methods>
            <Method visited="true" cyclomaticComplexity="0" nPathComplexity="0" sequenceCoverage="10.81" branchCoverage="0" crapScore="0" isConstructor="false" isStatic="false" isGetter="false" isSetter="false">
              <Summary numSequencePoints="37" visitedSequencePoints="4" numBranchPoints="0" visitedBranchPoints="0" sequenceCoverage="10.81" branchCoverage="0" maxCyclomaticComplexity="0" minCyclomaticComplexity="0" maxCrapScore="0" minCrapScore="0" visitedClasses="0" numClasses="0" visitedMethods="1" numMethods="1" />
              <MetadataToken>100663328</MetadataToken>
              <Name>System.Void NetworkManager::Start()</Name>
              <FileRef uid="4" />
              <SequencePoints>
                <SequencePoint vc="6" uspid="1405" ordinal="0" offset="0" sl="20" sc="5" el="20" ec="5" bec="0" bev="0" fileid="4" />
                <SequencePoint vc="6" uspid="1406" ordinal="0" offset="1" sl="21" sc="9" el="21" ec="9" bec="0" bev="0" fileid="4" />
                <SequencePoint vc="6" uspid="1407" ordinal="0" offset="7" sl="22" sc="9" el="22" ec="9" bec="0" bev="0" fileid="4" />
                <SequencePoint vc="0" uspid="1408" ordinal="0" offset="20" sl="23" sc="9" el="23" ec="9" bec="0" bev="0" fileid="4" />
                <SequencePoint vc="0" uspid="1409" ordinal="0" offset="21" sl="26" sc="13" el="26" ec="13" bec="0" bev="0" fileid="4" />
                <SequencePoint vc="0" uspid="1410" ordinal="0" offset="43" sl="27" sc="13" el="27" ec="13" bec="0" bev="0" fileid="4" />
                <SequencePoint vc="0" uspid="1411" ordinal="0" offset="60" sl="29" sc="13" el="29" ec="13" bec="0" bev="0" fileid="4" />
                <SequencePoint vc="0" uspid="1412" ordinal="0" offset="71" sl="30" sc="20" el="30" ec="20" bec="0" bev="0" fileid="4" />
                <SequencePoint vc="0" uspid="1413" ordinal="0" offset="83" sl="30" sc="76" el="30" ec="76" bec="0" bev="0" fileid="4" />
                <SequencePoint vc="0" uspid="1414" ordinal="0" offset="84" sl="30" sc="78" el="30" ec="78" bec="0" bev="0" fileid="4" />
                <SequencePoint vc="0" uspid="1415" ordinal="0" offset="97" sl="30" sc="124" el="30" ec="124" bec="0" bev="0" fileid="4" />
                <SequencePoint vc="0" uspid="1416" ordinal="0" offset="113" sl="32" sc="13" el="32" ec="13" bec="0" bev="0" fileid="4" />
                <SequencePoint vc="0" uspid="1417" ordinal="0" offset="124" sl="33" sc="20" el="33" ec="20" bec="0" bev="0" fileid="4" />
                <SequencePoint vc="0" uspid="1418" ordinal="0" offset="137" sl="33" sc="82" el="33" ec="82" bec="0" bev="0" fileid="4" />
                <SequencePoint vc="0" uspid="1419" ordinal="0" offset="138" sl="33" sc="84" el="33" ec="84" bec="0" bev="0" fileid="4" />
                <SequencePoint vc="0" uspid="1420" ordinal="0" offset="151" sl="33" sc="119" el="33" ec="119" bec="0" bev="0" fileid="4" />
                <SequencePoint vc="0" uspid="1421" ordinal="0" offset="167" sl="35" sc="13" el="35" ec="13" bec="0" bev="0" fileid="4" />
                <SequencePoint vc="0" uspid="1422" ordinal="0" offset="174" sl="36" sc="13" el="36" ec="13" bec="0" bev="0" fileid="4" />
                <SequencePoint vc="0" uspid="1423" ordinal="0" offset="189" sl="38" sc="13" el="38" ec="13" bec="0" bev="0" fileid="4" />
                <SequencePoint vc="0" uspid="1424" ordinal="0" offset="212" sl="39" sc="13" el="39" ec="13" bec="0" bev="0" fileid="4" />
                <SequencePoint vc="0" uspid="1425" ordinal="0" offset="213" sl="40" sc="17" el="40" ec="17" bec="0" bev="0" fileid="4" />
                <SequencePoint vc="0" uspid="1426" ordinal="0" offset="224" sl="41" sc="24" el="41" ec="24" bec="0" bev="0" fileid="4" />
                <SequencePoint vc="0" uspid="1427" ordinal="0" offset="237" sl="41" sc="86" el="41" ec="86" bec="0" bev="0" fileid="4" />
                <SequencePoint vc="0" uspid="1428" ordinal="0" offset="238" sl="41" sc="88" el="41" ec="88" bec="0" bev="0" fileid="4" />
                <SequencePoint vc="0" uspid="1429" ordinal="0" offset="251" sl="41" sc="125" el="41" ec="125" bec="0" bev="0" fileid="4" />
                <SequencePoint vc="0" uspid="1430" ordinal="0" offset="267" sl="43" sc="17" el="43" ec="17" bec="0" bev="0" fileid="4" />
                <SequencePoint vc="0" uspid="1431" ordinal="0" offset="286" sl="44" sc="17" el="44" ec="17" bec="0" bev="0" fileid="4" />
                <SequencePoint vc="0" uspid="1432" ordinal="0" offset="327" sl="45" sc="24" el="45" ec="24" bec="0" bev="0" fileid="4" />
                <SequencePoint vc="0" uspid="1433" ordinal="0" offset="340" sl="45" sc="86" el="45" ec="86" bec="0" bev="0" fileid="4" />
                <SequencePoint vc="0" uspid="1434" ordinal="0" offset="341" sl="45" sc="88" el="45" ec="88" bec="0" bev="0" fileid="4" />
                <SequencePoint vc="0" uspid="1435" ordinal="0" offset="384" sl="45" sc="173" el="45" ec="173" bec="0" bev="0" fileid="4" />
                <SequencePoint vc="0" uspid="1436" ordinal="0" offset="400" sl="47" sc="13" el="47" ec="13" bec="0" bev="0" fileid="4" />
                <SequencePoint vc="0" uspid="1437" ordinal="0" offset="401" sl="50" sc="13" el="50" ec="13" bec="0" bev="0" fileid="4" />
                <SequencePoint vc="0" uspid="1438" ordinal="0" offset="425" sl="51" sc="13" el="51" ec="13" bec="0" bev="0" fileid="4" />
                <SequencePoint vc="0" uspid="1439" ordinal="0" offset="443" sl="52" sc="13" el="52" ec="13" bec="0" bev="0" fileid="4" />
                <SequencePoint vc="0" uspid="1440" ordinal="0" offset="450" sl="53" sc="9" el="53" ec="9" bec="0" bev="0" fileid="4" />
                <SequencePoint vc="6" uspid="1441" ordinal="0" offset="451" sl="54" sc="5" el="54" ec="5" bec="0" bev="0" fileid="4" />
              </SequencePoints>
              <BranchPoints />
            </Method>
            <Method visited="true" cyclomaticComplexity="0" nPathComplexity="0" sequenceCoverage="100.0" branchCoverage="0" crapScore="0" isConstructor="true" isStatic="false" isGetter="false" isSetter="false">
              <Summary numSequencePoints="1" visitedSequencePoints="1" numBranchPoints="0" visitedBranchPoints="0" sequenceCoverage="100.0" branchCoverage="0" maxCyclomaticComplexity="0" minCyclomaticComplexity="0" maxCrapScore="0" minCrapScore="0" visitedClasses="0" numClasses="0" visitedMethods="1" numMethods="1" />
              <MetadataToken>100663333</MetadataToken>
              <Name>NetworkManager::NetworkManager()</Name>
              <FileRef uid="4" />
              <SequencePoints>
                <SequencePoint vc="6" uspid="1474" ordinal="0" offset="0" sl="16" sc="5" el="16" ec="5" bec="0" bev="0" fileid="4" />
              </SequencePoints>
              <BranchPoints />
            </Method>
          </Methods>
        </Class>
        <Class>
          <Summary numSequencePoints="31" visitedSequencePoints="27" numBranchPoints="0" visitedBranchPoints="0" sequenceCoverage="87.10" branchCoverage="0.0" maxCyclomaticComplexity="0" minCyclomaticComplexity="0" maxCrapScore="0" minCrapScore="0" visitedClasses="1" numClasses="1" visitedMethods="1" numMethods="1" />
          <FullName>Defensor</FullName>
          <Methods>
            <Method visited="true" cyclomaticComplexity="0" nPathComplexity="0" sequenceCoverage="87.10" branchCoverage="0" crapScore="0" isConstructor="false" isStatic="false" isGetter="false" isSetter="false">
              <Summary numSequencePoints="31" visitedSequencePoints="27" numBranchPoints="0" visitedBranchPoints="0" sequenceCoverage="87.10" branchCoverage="0" maxCyclomaticComplexity="0" minCyclomaticComplexity="0" maxCrapScore="0" minCrapScore="0" visitedClasses="0" numClasses="0" visitedMethods="1" numMethods="1" />
              <MetadataToken>100663337</MetadataToken>
              <Name>System.Collections.Generic.List[Vector2Int] Defensor::GetAvaibleMooves()</Name>
              <FileRef uid="6" />
              <SequencePoints>
                <SequencePoint vc="1" uspid="1575" ordinal="0" offset="0" sl="8" sc="5" el="8" ec="5" bec="0" bev="0" fileid="6" />
                <SequencePoint vc="1" uspid="1576" ordinal="0" offset="1" sl="9" sc="9" el="9" ec="9" bec="0" bev="0" fileid="6" />
                <SequencePoint vc="1" uspid="1577" ordinal="0" offset="7" sl="11" sc="14" el="11" ec="14" bec="0" bev="0" fileid="6" />
                <SequencePoint vc="3" uspid="1578" ordinal="0" offset="21" sl="12" sc="9" el="12" ec="9" bec="0" bev="0" fileid="6" />
                <SequencePoint vc="3" uspid="1579" ordinal="0" offset="22" sl="13" sc="13" el="13" ec="13" bec="0" bev="0" fileid="6" />
                <SequencePoint vc="0" uspid="1580" ordinal="0" offset="30" sl="13" sc="24" el="13" ec="24" bec="0" bev="0" fileid="6" />
                <SequencePoint vc="3" uspid="1581" ordinal="0" offset="35" sl="14" sc="13" el="14" ec="13" bec="0" bev="0" fileid="6" />
                <SequencePoint vc="0" uspid="1582" ordinal="0" offset="43" sl="14" sc="24" el="14" ec="24" bec="0" bev="0" fileid="6" />
                <SequencePoint vc="3" uspid="1583" ordinal="0" offset="48" sl="16" sc="18" el="16" ec="18" bec="0" bev="0" fileid="6" />
                <SequencePoint vc="9" uspid="1584" ordinal="0" offset="63" sl="17" sc="13" el="17" ec="13" bec="0" bev="0" fileid="6" />
                <SequencePoint vc="9" uspid="1585" ordinal="0" offset="64" sl="18" sc="17" el="18" ec="17" bec="0" bev="0" fileid="6" />
                <SequencePoint vc="0" uspid="1586" ordinal="0" offset="75" sl="18" sc="28" el="18" ec="28" bec="0" bev="0" fileid="6" />
                <SequencePoint vc="9" uspid="1587" ordinal="0" offset="80" sl="19" sc="17" el="19" ec="17" bec="0" bev="0" fileid="6" />
                <SequencePoint vc="1" uspid="1588" ordinal="0" offset="108" sl="19" sc="50" el="19" ec="50" bec="0" bev="0" fileid="6" />
                <SequencePoint vc="8" uspid="1589" ordinal="0" offset="113" sl="21" sc="17" el="21" ec="17" bec="0" bev="0" fileid="6" />
                <SequencePoint vc="1" uspid="1590" ordinal="0" offset="141" sl="21" sc="49" el="21" ec="49" bec="0" bev="0" fileid="6" />
                <SequencePoint vc="7" uspid="1591" ordinal="0" offset="146" sl="22" sc="17" el="22" ec="17" bec="0" bev="0" fileid="6" />
                <SequencePoint vc="0" uspid="1592" ordinal="0" offset="189" sl="22" sc="72" el="22" ec="72" bec="0" bev="0" fileid="6" />
                <SequencePoint vc="7" uspid="1593" ordinal="0" offset="191" sl="23" sc="17" el="23" ec="17" bec="0" bev="0" fileid="6" />
                <SequencePoint vc="2" uspid="1594" ordinal="0" offset="235" sl="23" sc="72" el="23" ec="72" bec="0" bev="0" fileid="6" />
                <SequencePoint vc="5" uspid="1595" ordinal="0" offset="237" sl="25" sc="17" el="25" ec="17" bec="0" bev="0" fileid="6" />
                <SequencePoint vc="3" uspid="1596" ordinal="0" offset="299" sl="25" sc="89" el="25" ec="89" bec="0" bev="0" fileid="6" />
                <SequencePoint vc="2" uspid="1597" ordinal="0" offset="301" sl="27" sc="17" el="27" ec="17" bec="0" bev="0" fileid="6" />
                <SequencePoint vc="2" uspid="1598" ordinal="0" offset="316" sl="28" sc="13" el="28" ec="13" bec="0" bev="0" fileid="6" />
                <SequencePoint vc="9" uspid="1599" ordinal="0" offset="317" sl="16" sc="55" el="16" ec="55" bec="0" bev="0" fileid="6" />
                <SequencePoint vc="12" uspid="1600" ordinal="0" offset="323" sl="16" sc="38" el="16" ec="38" bec="0" bev="0" fileid="6" />
                <SequencePoint vc="3" uspid="1601" ordinal="0" offset="347" sl="29" sc="9" el="29" ec="9" bec="0" bev="0" fileid="6" />
                <SequencePoint vc="3" uspid="1602" ordinal="0" offset="348" sl="11" sc="51" el="11" ec="51" bec="0" bev="0" fileid="6" />
                <SequencePoint vc="4" uspid="1603" ordinal="0" offset="352" sl="11" sc="34" el="11" ec="34" bec="0" bev="0" fileid="6" />
                <SequencePoint vc="1" uspid="1604" ordinal="0" offset="375" sl="31" sc="9" el="31" ec="9" bec="0" bev="0" fileid="6" />
                <SequencePoint vc="1" uspid="1605" ordinal="0" offset="380" sl="32" sc="5" el="32" ec="5" bec="0" bev="0" fileid="6" />
              </SequencePoints>
              <BranchPoints />
            </Method>
          </Methods>
        </Class>
        <Class>
          <Summary numSequencePoints="96" visitedSequencePoints="47" numBranchPoints="0" visitedBranchPoints="0" sequenceCoverage="48.96" branchCoverage="0.0" maxCyclomaticComplexity="0" minCyclomaticComplexity="0" maxCrapScore="0" minCrapScore="0" visitedClasses="1" numClasses="1" visitedMethods="1" numMethods="1" />
          <FullName>Dominator</FullName>
          <Methods>
            <Method visited="true" cyclomaticComplexity="0" nPathComplexity="0" sequenceCoverage="48.96" branchCoverage="0" crapScore="0" isConstructor="false" isStatic="false" isGetter="false" isSetter="false">
              <Summary numSequencePoints="96" visitedSequencePoints="47" numBranchPoints="0" visitedBranchPoints="0" sequenceCoverage="48.96" branchCoverage="0" maxCyclomaticComplexity="0" minCyclomaticComplexity="0" maxCrapScore="0" minCrapScore="0" visitedClasses="0" numClasses="0" visitedMethods="1" numMethods="1" />
              <MetadataToken>100663339</MetadataToken>
              <Name>System.Collections.Generic.List[Vector2Int] Dominator::GetAvaibleMooves()</Name>
              <FileRef uid="7" />
              <SequencePoints>
                <SequencePoint vc="2" uspid="1606" ordinal="0" offset="0" sl="8" sc="5" el="8" ec="5" bec="0" bev="0" fileid="7" />
                <SequencePoint vc="2" uspid="1607" ordinal="0" offset="1" sl="9" sc="9" el="9" ec="9" bec="0" bev="0" fileid="7" />
                <SequencePoint vc="2" uspid="1608" ordinal="0" offset="7" sl="12" sc="14" el="12" ec="14" bec="0" bev="0" fileid="7" />
                <SequencePoint vc="2" uspid="1609" ordinal="0" offset="21" sl="13" sc="9" el="13" ec="9" bec="0" bev="0" fileid="7" />
                <SequencePoint vc="2" uspid="1610" ordinal="0" offset="22" sl="14" sc="13" el="14" ec="13" bec="0" bev="0" fileid="7" />
                <SequencePoint vc="0" uspid="1611" ordinal="0" offset="52" sl="14" sc="46" el="14" ec="46" bec="0" bev="0" fileid="7" />
                <SequencePoint vc="2" uspid="1612" ordinal="0" offset="57" sl="15" sc="13" el="15" ec="13" bec="0" bev="0" fileid="7" />
                <SequencePoint vc="2" uspid="1613" ordinal="0" offset="125" sl="15" sc="85" el="15" ec="85" bec="0" bev="0" fileid="7" />
                <SequencePoint vc="0" uspid="1614" ordinal="0" offset="127" sl="17" sc="13" el="17" ec="13" bec="0" bev="0" fileid="7" />
                <SequencePoint vc="0" uspid="1615" ordinal="0" offset="146" sl="18" sc="13" el="18" ec="13" bec="0" bev="0" fileid="7" />
                <SequencePoint vc="0" uspid="1616" ordinal="0" offset="219" sl="18" sc="85" el="18" ec="85" bec="0" bev="0" fileid="7" />
                <SequencePoint vc="0" uspid="1617" ordinal="0" offset="221" sl="19" sc="9" el="19" ec="9" bec="0" bev="0" fileid="7" />
                <SequencePoint vc="0" uspid="1618" ordinal="0" offset="222" sl="12" sc="51" el="12" ec="51" bec="0" bev="0" fileid="7" />
                <SequencePoint vc="2" uspid="1619" ordinal="0" offset="226" sl="12" sc="34" el="12" ec="34" bec="0" bev="0" fileid="7" />
                <SequencePoint vc="2" uspid="1620" ordinal="0" offset="249" sl="21" sc="14" el="21" ec="14" bec="0" bev="0" fileid="7" />
                <SequencePoint vc="2" uspid="1621" ordinal="0" offset="264" sl="22" sc="9" el="22" ec="9" bec="0" bev="0" fileid="7" />
                <SequencePoint vc="2" uspid="1622" ordinal="0" offset="265" sl="23" sc="13" el="23" ec="13" bec="0" bev="0" fileid="7" />
                <SequencePoint vc="2" uspid="1623" ordinal="0" offset="276" sl="23" sc="24" el="23" ec="24" bec="0" bev="0" fileid="7" />
                <SequencePoint vc="0" uspid="1624" ordinal="0" offset="281" sl="24" sc="13" el="24" ec="13" bec="0" bev="0" fileid="7" />
                <SequencePoint vc="0" uspid="1625" ordinal="0" offset="353" sl="24" sc="85" el="24" ec="85" bec="0" bev="0" fileid="7" />
                <SequencePoint vc="0" uspid="1626" ordinal="0" offset="358" sl="26" sc="13" el="26" ec="13" bec="0" bev="0" fileid="7" />
                <SequencePoint vc="0" uspid="1627" ordinal="0" offset="378" sl="27" sc="13" el="27" ec="13" bec="0" bev="0" fileid="7" />
                <SequencePoint vc="0" uspid="1628" ordinal="0" offset="453" sl="27" sc="85" el="27" ec="85" bec="0" bev="0" fileid="7" />
                <SequencePoint vc="0" uspid="1629" ordinal="0" offset="455" sl="28" sc="9" el="28" ec="9" bec="0" bev="0" fileid="7" />
                <SequencePoint vc="0" uspid="1630" ordinal="0" offset="456" sl="21" sc="51" el="21" ec="51" bec="0" bev="0" fileid="7" />
                <SequencePoint vc="2" uspid="1631" ordinal="0" offset="462" sl="21" sc="34" el="21" ec="34" bec="0" bev="0" fileid="7" />
                <SequencePoint vc="2" uspid="1632" ordinal="0" offset="486" sl="31" sc="14" el="31" ec="14" bec="0" bev="0" fileid="7" />
                <SequencePoint vc="2" uspid="1633" ordinal="0" offset="496" sl="31" sc="34" el="31" ec="34" bec="0" bev="0" fileid="7" />
                <SequencePoint vc="2" uspid="1634" ordinal="0" offset="509" sl="32" sc="9" el="32" ec="9" bec="0" bev="0" fileid="7" />
                <SequencePoint vc="2" uspid="1635" ordinal="0" offset="510" sl="33" sc="13" el="33" ec="13" bec="0" bev="0" fileid="7" />
                <SequencePoint vc="0" uspid="1636" ordinal="0" offset="523" sl="33" sc="29" el="33" ec="29" bec="0" bev="0" fileid="7" />
                <SequencePoint vc="2" uspid="1637" ordinal="0" offset="529" sl="35" sc="13" el="35" ec="13" bec="0" bev="0" fileid="7" />
                <SequencePoint vc="0" uspid="1638" ordinal="0" offset="540" sl="35" sc="24" el="35" ec="24" bec="0" bev="0" fileid="7" />
                <SequencePoint vc="2" uspid="1639" ordinal="0" offset="545" sl="36" sc="13" el="36" ec="13" bec="0" bev="0" fileid="7" />
                <SequencePoint vc="0" uspid="1640" ordinal="0" offset="574" sl="36" sc="46" el="36" ec="46" bec="0" bev="0" fileid="7" />
                <SequencePoint vc="2" uspid="1641" ordinal="0" offset="579" sl="38" sc="13" el="38" ec="13" bec="0" bev="0" fileid="7" />
                <SequencePoint vc="2" uspid="1642" ordinal="0" offset="643" sl="38" sc="85" el="38" ec="85" bec="0" bev="0" fileid="7" />
                <SequencePoint vc="0" uspid="1643" ordinal="0" offset="645" sl="40" sc="13" el="40" ec="13" bec="0" bev="0" fileid="7" />
                <SequencePoint vc="0" uspid="1644" ordinal="0" offset="661" sl="41" sc="13" el="41" ec="13" bec="0" bev="0" fileid="7" />
[...]
              <FileRef uid="17" />
              <SequencePoints>
                <SequencePoint vc="1" uspid="2158" ordinal="0" offset="42" sl="91" sc="5" el="91" ec="5" bec="0" bev="0" fileid="17" />
                <SequencePoint vc="1" uspid="2159" ordinal="0" offset="43" sl="92" sc="9" el="92" ec="9" bec="0" bev="0" fileid="17" />
                <SequencePoint vc="1" uspid="2160" ordinal="0" offset="64" sl="93" sc="9" el="93" ec="9" bec="0" bev="0" fileid="17" />
                <SequencePoint vc="1" uspid="2161" ordinal="0" offset="86" sl="95" sc="9" el="95" ec="9" bec="0" bev="0" fileid="17" />
                <SequencePoint vc="1" uspid="2162" ordinal="0" offset="109" sl="96" sc="9" el="96" ec="9" bec="0" bev="0" fileid="17" />
                <SequencePoint vc="1" uspid="2163" ordinal="0" offset="126" sl="97" sc="9" el="97" ec="9" bec="0" bev="0" fileid="17" />
                <SequencePoint vc="1" uspid="2164" ordinal="0" offset="149" sl="99" sc="9" el="99" ec="9" bec="0" bev="0" fileid="17" />
                <SequencePoint vc="1" uspid="2165" ordinal="0" offset="156" sl="100" sc="14" el="100" ec="14" bec="0" bev="0" fileid="17" />
                <SequencePoint vc="9" uspid="2166" ordinal="0" offset="165" sl="101" sc="9" el="101" ec="9" bec="0" bev="0" fileid="17" />
                <SequencePoint vc="9" uspid="2167" ordinal="0" offset="166" sl="102" sc="13" el="102" ec="13" bec="0" bev="0" fileid="17" />
                <SequencePoint vc="9" uspid="2168" ordinal="0" offset="204" sl="103" sc="9" el="103" ec="9" bec="0" bev="0" fileid="17" />
                <SequencePoint vc="9" uspid="2169" ordinal="0" offset="205" sl="100" sc="49" el="100" ec="49" bec="0" bev="0" fileid="17" />
                <SequencePoint vc="10" uspid="2170" ordinal="0" offset="221" sl="100" sc="25" el="100" ec="25" bec="0" bev="0" fileid="17" />
                <SequencePoint vc="1" uspid="2171" ordinal="0" offset="251" sl="104" sc="9" el="104" ec="9" bec="0" bev="0" fileid="17" />
                <SequencePoint vc="1" uspid="2172" ordinal="0" offset="275" sl="105" sc="5" el="105" ec="5" bec="0" bev="0" fileid="17" />
              </SequencePoints>
              <BranchPoints />
            </Method>
          </Methods>
        </Class>
        <Class>
          <Summary numSequencePoints="9" visitedSequencePoints="9" numBranchPoints="0" visitedBranchPoints="0" sequenceCoverage="100.0" branchCoverage="0.0" maxCyclomaticComplexity="0" minCyclomaticComplexity="0" maxCrapScore="0" minCrapScore="0" visitedClasses="1" numClasses="1" visitedMethods="1" numMethods="1" />
          <FullName>UnitTests/&lt;GenerateNotOnBoardTest&gt;d__11</FullName>
          <Methods>
            <Method visited="true" cyclomaticComplexity="0" nPathComplexity="0" sequenceCoverage="100.0" branchCoverage="0" crapScore="0" isConstructor="false" isStatic="false" isGetter="false" isSetter="false">
              <Summary numSequencePoints="9" visitedSequencePoints="9" numBranchPoints="0" visitedBranchPoints="0" sequenceCoverage="100.0" branchCoverage="0" maxCyclomaticComplexity="0" minCyclomaticComplexity="0" maxCrapScore="0" minCrapScore="0" visitedClasses="0" numClasses="0" visitedMethods="1" numMethods="1" />
              <MetadataToken>100663381</MetadataToken>
              <Name>System.Boolean UnitTests/&lt;GenerateNotOnBoardTest&gt;d__11::MoveNext()</Name>
              <FileRef uid="17" />
              <SequencePoints>
                <SequencePoint vc="1" uspid="2173" ordinal="0" offset="42" sl="163" sc="5" el="163" ec="5" bec="0" bev="0" fileid="17" />
                <SequencePoint vc="1" uspid="2174" ordinal="0" offset="43" sl="164" sc="9" el="164" ec="9" bec="0" bev="0" fileid="17" />
                <SequencePoint vc="1" uspid="2175" ordinal="0" offset="64" sl="165" sc="9" el="165" ec="9" bec="0" bev="0" fileid="17" />
                <SequencePoint vc="1" uspid="2176" ordinal="0" offset="86" sl="166" sc="9" el="166" ec="9" bec="0" bev="0" fileid="17" />
                <SequencePoint vc="1" uspid="2177" ordinal="0" offset="109" sl="167" sc="9" el="167" ec="9" bec="0" bev="0" fileid="17" />
                <SequencePoint vc="1" uspid="2178" ordinal="0" offset="143" sl="168" sc="9" el="168" ec="9" bec="0" bev="0" fileid="17" />
                <SequencePoint vc="1" uspid="2179" ordinal="0" offset="166" sl="170" sc="9" el="170" ec="9" bec="0" bev="0" fileid="17" />
                <SequencePoint vc="1" uspid="2180" ordinal="0" offset="183" sl="171" sc="9" el="171" ec="9" bec="0" bev="0" fileid="17" />
                <SequencePoint vc="1" uspid="2181" ordinal="0" offset="206" sl="172" sc="5" el="172" ec="5" bec="0" bev="0" fileid="17" />
              </SequencePoints>
              <BranchPoints />
            </Method>
          </Methods>
        </Class>
        <Class>
          <Summary numSequencePoints="9" visitedSequencePoints="9" numBranchPoints="0" visitedBranchPoints="0" sequenceCoverage="100.0" branchCoverage="0.0" maxCyclomaticComplexity="0" minCyclomaticComplexity="0" maxCrapScore="0" minCrapScore="0" visitedClasses="1" numClasses="1" visitedMethods="1" numMethods="1" />
          <FullName>UnitTests/&lt;GenerateOnePieceTest&gt;d__10</FullName>
          <Methods>
            <Method visited="true" cyclomaticComplexity="0" nPathComplexity="0" sequenceCoverage="100.0" branchCoverage="0" crapScore="0" isConstructor="false" isStatic="false" isGetter="false" isSetter="false">
              <Summary numSequencePoints="9" visitedSequencePoints="9" numBranchPoints="0" visitedBranchPoints="0" sequenceCoverage="100.0" branchCoverage="0" maxCyclomaticComplexity="0" minCyclomaticComplexity="0" maxCrapScore="0" minCrapScore="0" visitedClasses="0" numClasses="0" visitedMethods="1" numMethods="1" />
              <MetadataToken>100663387</MetadataToken>
              <Name>System.Boolean UnitTests/&lt;GenerateOnePieceTest&gt;d__10::MoveNext()</Name>
              <FileRef uid="17" />
              <SequencePoints>
                <SequencePoint vc="1" uspid="2182" ordinal="0" offset="42" sl="149" sc="5" el="149" ec="5" bec="0" bev="0" fileid="17" />
                <SequencePoint vc="1" uspid="2183" ordinal="0" offset="43" sl="150" sc="9" el="150" ec="9" bec="0" bev="0" fileid="17" />
                <SequencePoint vc="1" uspid="2184" ordinal="0" offset="64" sl="151" sc="9" el="151" ec="9" bec="0" bev="0" fileid="17" />
                <SequencePoint vc="1" uspid="2185" ordinal="0" offset="86" sl="153" sc="9" el="153" ec="9" bec="0" bev="0" fileid="17" />
                <SequencePoint vc="1" uspid="2186" ordinal="0" offset="109" sl="154" sc="9" el="154" ec="9" bec="0" bev="0" fileid="17" />
                <SequencePoint vc="1" uspid="2187" ordinal="0" offset="135" sl="155" sc="9" el="155" ec="9" bec="0" bev="0" fileid="17" />
                <SequencePoint vc="1" uspid="2188" ordinal="0" offset="158" sl="157" sc="9" el="157" ec="9" bec="0" bev="0" fileid="17" />
                <SequencePoint vc="1" uspid="2189" ordinal="0" offset="175" sl="158" sc="9" el="158" ec="9" bec="0" bev="0" fileid="17" />
                <SequencePoint vc="1" uspid="2190" ordinal="0" offset="198" sl="159" sc="5" el="159" ec="5" bec="0" bev="0" fileid="17" />
              </SequencePoints>
              <BranchPoints />
            </Method>
          </Methods>
        </Class>
        <Class>
          <Summary numSequencePoints="10" visitedSequencePoints="10" numBranchPoints="0" visitedBranchPoints="0" sequenceCoverage="100.0" branchCoverage="0.0" maxCyclomaticComplexity="0" minCyclomaticComplexity="0" maxCrapScore="0" minCrapScore="0" visitedClasses="1" numClasses="1" visitedMethods="1" numMethods="1" />
          <FullName>UnitTests/&lt;GenerateOneTileTest&gt;d__8</FullName>
          <Methods>
            <Method visited="true" cyclomaticComplexity="0" nPathComplexity="0" sequenceCoverage="100.0" branchCoverage="0" crapScore="0" isConstructor="false" isStatic="false" isGetter="false" isSetter="false">
              <Summary numSequencePoints="10" visitedSequencePoints="10" numBranchPoints="0" visitedBranchPoints="0" sequenceCoverage="100.0" branchCoverage="0" maxCyclomaticComplexity="0" minCyclomaticComplexity="0" maxCrapScore="0" minCrapScore="0" visitedClasses="0" numClasses="0" visitedMethods="1" numMethods="1" />
              <MetadataToken>100663393</MetadataToken>
              <Name>System.Boolean UnitTests/&lt;GenerateOneTileTest&gt;d__8::MoveNext()</Name>
              <FileRef uid="17" />
              <SequencePoints>
                <SequencePoint vc="1" uspid="2191" ordinal="0" offset="45" sl="109" sc="5" el="109" ec="5" bec="0" bev="0" fileid="17" />
                <SequencePoint vc="1" uspid="2192" ordinal="0" offset="46" sl="110" sc="9" el="110" ec="9" bec="0" bev="0" fileid="17" />
                <SequencePoint vc="1" uspid="2193" ordinal="0" offset="67" sl="111" sc="9" el="111" ec="9" bec="0" bev="0" fileid="17" />
                <SequencePoint vc="1" uspid="2194" ordinal="0" offset="89" sl="113" sc="9" el="113" ec="9" bec="0" bev="0" fileid="17" />
                <SequencePoint vc="1" uspid="2195" ordinal="0" offset="112" sl="114" sc="9" el="114" ec="9" bec="0" bev="0" fileid="17" />
                <SequencePoint vc="1" uspid="2196" ordinal="0" offset="119" sl="115" sc="9" el="115" ec="9" bec="0" bev="0" fileid="17" />
                <SequencePoint vc="1" uspid="2197" ordinal="0" offset="126" sl="116" sc="9" el="116" ec="9" bec="0" bev="0" fileid="17" />
                <SequencePoint vc="1" uspid="2198" ordinal="0" offset="160" sl="117" sc="9" el="117" ec="9" bec="0" bev="0" fileid="17" />
                <SequencePoint vc="1" uspid="2199" ordinal="0" offset="183" sl="120" sc="9" el="120" ec="9" bec="0" bev="0" fileid="17" />
                <SequencePoint vc="1" uspid="2200" ordinal="0" offset="237" sl="121" sc="5" el="121" ec="5" bec="0" bev="0" fileid="17" />
              </SequencePoints>
              <BranchPoints />
            </Method>
          </Methods>
        </Class>
        <Class>
          <Summary numSequencePoints="10" visitedSequencePoints="10" numBranchPoints="0" visitedBranchPoints="0" sequenceCoverage="100.0" branchCoverage="0.0" maxCyclomaticComplexity="0" minCyclomaticComplexity="0" maxCrapScore="0" minCrapScore="0" visitedClasses="1" numClasses="1" visitedMethods="1" numMethods="1" />
          <FullName>UnitTests/&lt;IntellectorCastlingTest&gt;d__5</FullName>
          <Methods>
            <Method visited="true" cyclomaticComplexity="0" nPathComplexity="0" sequenceCoverage="100.0" branchCoverage="0" crapScore="0" isConstructor="false" isStatic="false" isGetter="false" isSetter="false">
              <Summary numSequencePoints="10" visitedSequencePoints="10" numBranchPoints="0" visitedBranchPoints="0" sequenceCoverage="100.0" branchCoverage="0" maxCyclomaticComplexity="0" minCyclomaticComplexity="0" maxCrapScore="0" minCrapScore="0" visitedClasses="0" numClasses="0" visitedMethods="1" numMethods="1" />
              <MetadataToken>100663399</MetadataToken>
              <Name>System.Boolean UnitTests/&lt;IntellectorCastlingTest&gt;d__5::MoveNext()</Name>
              <FileRef uid="17" />
              <SequencePoints>
                <SequencePoint vc="1" uspid="2201" ordinal="0" offset="51" sl="63" sc="5" el="63" ec="5" bec="0" bev="0" fileid="17" />
                <SequencePoint vc="1" uspid="2202" ordinal="0" offset="52" sl="64" sc="9" el="64" ec="9" bec="0" bev="0" fileid="17" />
                <SequencePoint vc="1" uspid="2203" ordinal="0" offset="64" sl="66" sc="9" el="66" ec="9" bec="0" bev="0" fileid="17" />
                <SequencePoint vc="1" uspid="2204" ordinal="0" offset="96" sl="67" sc="9" el="67" ec="9" bec="0" bev="0" fileid="17" />
                <SequencePoint vc="1" uspid="2205" ordinal="0" offset="120" sl="68" sc="9" el="68" ec="9" bec="0" bev="0" fileid="17" />
                <SequencePoint vc="1" uspid="2206" ordinal="0" offset="152" sl="69" sc="9" el="69" ec="9" bec="0" bev="0" fileid="17" />
                <SequencePoint vc="1" uspid="2207" ordinal="0" offset="176" sl="70" sc="9" el="70" ec="9" bec="0" bev="0" fileid="17" />
                <SequencePoint vc="1" uspid="2208" ordinal="0" offset="208" sl="72" sc="9" el="72" ec="9" bec="0" bev="0" fileid="17" />
                <SequencePoint vc="1" uspid="2209" ordinal="0" offset="239" sl="73" sc="9" el="73" ec="9" bec="0" bev="0" fileid="17" />
                <SequencePoint vc="1" uspid="2210" ordinal="0" offset="262" sl="74" sc="5" el="74" ec="5" bec="0" bev="0" fileid="17" />
              </SequencePoints>
              <BranchPoints />
            </Method>
          </Methods>
        </Class>
        <Class>
          <Summary numSequencePoints="8" visitedSequencePoints="8" numBranchPoints="0" visitedBranchPoints="0" sequenceCoverage="100.0" branchCoverage="0.0" maxCyclomaticComplexity="0" minCyclomaticComplexity="0" maxCrapScore="0" minCrapScore="0" visitedClasses="1" numClasses="1" visitedMethods="1" numMethods="1" />
          <FullName>UnitTests/&lt;ProgressorAvailibaleMovesTest&gt;d__3</FullName>
          <Methods>
            <Method visited="true" cyclomaticComplexity="0" nPathComplexity="0" sequenceCoverage="100.0" branchCoverage="0" crapScore="0" isConstructor="false" isStatic="false" isGetter="false" isSetter="false">
              <Summary numSequencePoints="8" visitedSequencePoints="8" numBranchPoints="0" visitedBranchPoints="0" sequenceCoverage="100.0" branchCoverage="0" maxCyclomaticComplexity="0" minCyclomaticComplexity="0" maxCrapScore="0" minCrapScore="0" visitedClasses="0" numClasses="0" visitedMethods="1" numMethods="1" />
              <MetadataToken>100663405</MetadataToken>
              <Name>System.Boolean UnitTests/&lt;ProgressorAvailibaleMovesTest&gt;d__3::MoveNext()</Name>
              <FileRef uid="17" />
              <SequencePoints>
                <SequencePoint vc="1" uspid="2211" ordinal="0" offset="42" sl="36" sc="5" el="36" ec="5" bec="0" bev="0" fileid="17" />
                <SequencePoint vc="1" uspid="2212" ordinal="0" offset="43" sl="37" sc="9" el="37" ec="9" bec="0" bev="0" fileid="17" />
                <SequencePoint vc="1" uspid="2213" ordinal="0" offset="55" sl="39" sc="9" el="39" ec="9" bec="0" bev="0" fileid="17" />
                <SequencePoint vc="1" uspid="2214" ordinal="0" offset="86" sl="40" sc="9" el="40" ec="9" bec="0" bev="0" fileid="17" />
                <SequencePoint vc="1" uspid="2215" ordinal="0" offset="118" sl="41" sc="9" el="41" ec="9" bec="0" bev="0" fileid="17" />
                <SequencePoint vc="1" uspid="2216" ordinal="0" offset="135" sl="42" sc="9" el="42" ec="9" bec="0" bev="0" fileid="17" />
                <SequencePoint vc="1" uspid="2217" ordinal="0" offset="167" sl="44" sc="9" el="44" ec="9" bec="0" bev="0" fileid="17" />
                <SequencePoint vc="1" uspid="2218" ordinal="0" offset="284" sl="45" sc="5" el="45" ec="5" bec="0" bev="0" fileid="17" />
              </SequencePoints>
              <BranchPoints />
            </Method>
          </Methods>
        </Class>
        <Class>
          <Summary numSequencePoints="7" visitedSequencePoints="7" numBranchPoints="0" visitedBranchPoints="0" sequenceCoverage="100.0" branchCoverage="0.0" maxCyclomaticComplexity="0" minCyclomaticComplexity="0" maxCrapScore="0" minCrapScore="0" visitedClasses="1" numClasses="1" visitedMethods="1" numMethods="1" />
          <FullName>UnitTests/&lt;SelectTileTest&gt;d__2</FullName>
          <Methods>
            <Method visited="true" cyclomaticComplexity="0" nPathComplexity="0" sequenceCoverage="100.0" branchCoverage="0" crapScore="0" isConstructor="false" isStatic="false" isGetter="false" isSetter="false">
              <Summary numSequencePoints="7" visitedSequencePoints="7" numBranchPoints="0" visitedBranchPoints="0" sequenceCoverage="100.0" branchCoverage="0" maxCyclomaticComplexity="0" minCyclomaticComplexity="0" maxCrapScore="0" minCrapScore="0" visitedClasses="0" numClasses="0" visitedMethods="1" numMethods="1" />
              <MetadataToken>100663411</MetadataToken>
              <Name>System.Boolean UnitTests/&lt;SelectTileTest&gt;d__2::MoveNext()</Name>
              <FileRef uid="17" />
              <SequencePoints>
                <SequencePoint vc="1" uspid="2219" ordinal="0" offset="42" sl="25" sc="5" el="25" ec="5" bec="0" bev="0" fileid="17" />
                <SequencePoint vc="1" uspid="2220" ordinal="0" offset="43" sl="26" sc="9" el="26" ec="9" bec="0" bev="0" fileid="17" />
                <SequencePoint vc="1" uspid="2221" ordinal="0" offset="55" sl="27" sc="9" el="27" ec="9" bec="0" bev="0" fileid="17" />
                <SequencePoint vc="1" uspid="2222" ordinal="0" offset="87" sl="28" sc="9" el="28" ec="9" bec="0" bev="0" fileid="17" />
                <SequencePoint vc="1" uspid="2223" ordinal="0" offset="111" sl="29" sc="9" el="29" ec="9" bec="0" bev="0" fileid="17" />
                <SequencePoint vc="1" uspid="2224" ordinal="0" offset="143" sl="31" sc="9" el="31" ec="9" bec="0" bev="0" fileid="17" />
                <SequencePoint vc="1" uspid="2225" ordinal="0" offset="177" sl="32" sc="5" el="32" ec="5" bec="0" bev="0" fileid="17" />
              </SequencePoints>
              <BranchPoints />
            </Method>
          </Methods>
        </Class>
        <Class>
          <Summary numSequencePoints="9" visitedSequencePoints="9" numBranchPoints="0" visitedBranchPoints="0" sequenceCoverage="100.0" branchCoverage="0.0" maxCyclomaticComplexity="0" minCyclomaticComplexity="0" maxCrapScore="0" minCrapScore="0" visitedClasses="1" numClasses="1" visitedMethods="1" numMethods="1" />
          <FullName>UnitTests/&lt;Test&gt;d__6</FullName>
          <Methods>
            <Method visited="true" cyclomaticComplexity="0" nPathComplexity="0" sequenceCoverage="100.0" branchCoverage="0" crapScore="0" isConstructor="false" isStatic="false" isGetter="false" isSetter="false">
              <Summary numSequencePoints="9" visitedSequencePoints="9" numBranchPoints="0" visitedBranchPoints="0" sequenceCoverage="100.0" branchCoverage="0" maxCyclomaticComplexity="0" minCyclomaticComplexity="0" maxCrapScore="0" minCrapScore="0" visitedClasses="0" numClasses="0" visitedMethods="1" numMethods="1" />
              <MetadataToken>100663417</MetadataToken>
              <Name>System.Boolean UnitTests/&lt;Test&gt;d__6::MoveNext()</Name>
              <FileRef uid="17" />
              <SequencePoints>
                <SequencePoint vc="1" uspid="2226" ordinal="0" offset="42" sl="78" sc="5" el="78" ec="5" bec="0" bev="0" fileid="17" />
                <SequencePoint vc="1" uspid="2227" ordinal="0" offset="43" sl="79" sc="9" el="79" ec="9" bec="0" bev="0" fileid="17" />
                <SequencePoint vc="1" uspid="2228" ordinal="0" offset="64" sl="80" sc="9" el="80" ec="9" bec="0" bev="0" fileid="17" />
                <SequencePoint vc="1" uspid="2229" ordinal="0" offset="86" sl="81" sc="9" el="81" ec="9" bec="0" bev="0" fileid="17" />
                <SequencePoint vc="1" uspid="2230" ordinal="0" offset="109" sl="82" sc="9" el="82" ec="9" bec="0" bev="0" fileid="17" />
                <SequencePoint vc="1" uspid="2231" ordinal="0" offset="143" sl="83" sc="9" el="83" ec="9" bec="0" bev="0" fileid="17" />
                <SequencePoint vc="1" uspid="2232" ordinal="0" offset="166" sl="85" sc="9" el="85" ec="9" bec="0" bev="0" fileid="17" />
                <SequencePoint vc="1" uspid="2233" ordinal="0" offset="183" sl="86" sc="9" el="86" ec="9" bec="0" bev="0" fileid="17" />
                <SequencePoint vc="1" uspid="2234" ordinal="0" offset="206" sl="87" sc="5" el="87" ec="5" bec="0" bev="0" fileid="17" />
              </SequencePoints>
              <BranchPoints />
            </Method>
          </Methods>
        </Class>
      </Classes>
    </Module>
  </Modules>
</CoverageSession>